{"/Users/rvaidyas/Desktop/Code/projects/my-portfolio/my-portfolio/client/src/index.js": {"path":"/Users/rvaidyas/Desktop/Code/projects/my-portfolio/my-portfolio/client/src/index.js","statementMap":{"0":{"start":{"line":21,"column":23},"end":{"line":24,"column":1}},"1":{"start":{"line":22,"column":30},"end":{"line":22,"column":39}},"2":{"start":{"line":23,"column":2},"end":{"line":23,"column":71}},"3":{"start":{"line":27,"column":20},"end":{"line":79,"column":1}},"4":{"start":{"line":28,"column":2},"end":{"line":78,"column":11}},"5":{"start":{"line":82,"column":12},"end":{"line":111,"column":1}},"6":{"start":{"line":83,"column":2},"end":{"line":110,"column":17}},"7":{"start":{"line":113,"column":13},"end":{"line":113,"column":65}},"8":{"start":{"line":114,"column":0},"end":{"line":114,"column":21}}},"fnMap":{"0":{"name":"(anonymous_0)","decl":{"start":{"line":21,"column":23},"end":{"line":21,"column":24}},"loc":{"start":{"line":21,"column":41},"end":{"line":24,"column":1}},"line":21},"1":{"name":"(anonymous_1)","decl":{"start":{"line":27,"column":20},"end":{"line":27,"column":21}},"loc":{"start":{"line":28,"column":2},"end":{"line":78,"column":11}},"line":28},"2":{"name":"(anonymous_2)","decl":{"start":{"line":82,"column":12},"end":{"line":82,"column":13}},"loc":{"start":{"line":83,"column":2},"end":{"line":110,"column":17}},"line":83}},"branchMap":{"0":{"loc":{"start":{"line":23,"column":9},"end":{"line":23,"column":70}},"type":"cond-expr","locations":[{"start":{"line":23,"column":29},"end":{"line":23,"column":37}},{"start":{"line":23,"column":40},"end":{"line":23,"column":70}}],"line":23}},"s":{"0":0,"1":0,"2":0,"3":0,"4":0,"5":0,"6":0,"7":0,"8":0},"f":{"0":0,"1":0,"2":0},"b":{"0":[0,0]}}
,"/Users/rvaidyas/Desktop/Code/projects/my-portfolio/my-portfolio/client/src/components/AdminLayout.js": {"path":"/Users/rvaidyas/Desktop/Code/projects/my-portfolio/my-portfolio/client/src/components/AdminLayout.js","statementMap":{"0":{"start":{"line":5,"column":20},"end":{"line":75,"column":1}},"1":{"start":{"line":6,"column":21},"end":{"line":6,"column":30}},"2":{"start":{"line":8,"column":19},"end":{"line":14,"column":3}},"3":{"start":{"line":16,"column":23},"end":{"line":19,"column":3}},"4":{"start":{"line":17,"column":4},"end":{"line":17,"column":13}},"5":{"start":{"line":18,"column":4},"end":{"line":18,"column":42}},"6":{"start":{"line":21,"column":2},"end":{"line":74,"column":4}},"7":{"start":{"line":56,"column":16},"end":{"line":64,"column":27}}},"fnMap":{"0":{"name":"(anonymous_0)","decl":{"start":{"line":5,"column":20},"end":{"line":5,"column":21}},"loc":{"start":{"line":5,"column":38},"end":{"line":75,"column":1}},"line":5},"1":{"name":"(anonymous_1)","decl":{"start":{"line":16,"column":23},"end":{"line":16,"column":24}},"loc":{"start":{"line":16,"column":29},"end":{"line":19,"column":3}},"line":16},"2":{"name":"(anonymous_2)","decl":{"start":{"line":55,"column":28},"end":{"line":55,"column":29}},"loc":{"start":{"line":56,"column":16},"end":{"line":64,"column":27}},"line":56}},"branchMap":{},"s":{"0":0,"1":0,"2":0,"3":0,"4":0,"5":0,"6":0,"7":0},"f":{"0":0,"1":0,"2":0},"b":{}}
,"/Users/rvaidyas/Desktop/Code/projects/my-portfolio/my-portfolio/client/src/components/BackgroundAnimations.js": {"path":"/Users/rvaidyas/Desktop/Code/projects/my-portfolio/my-portfolio/client/src/components/BackgroundAnimations.js","statementMap":{"0":{"start":{"line":7,"column":29},"end":{"line":41,"column":1}},"1":{"start":{"line":8,"column":27},"end":{"line":18,"column":3}},"2":{"start":{"line":20,"column":2},"end":{"line":40,"column":4}}},"fnMap":{"0":{"name":"(anonymous_0)","decl":{"start":{"line":7,"column":29},"end":{"line":7,"column":30}},"loc":{"start":{"line":7,"column":35},"end":{"line":41,"column":1}},"line":7}},"branchMap":{},"s":{"0":1,"1":6,"2":6},"f":{"0":6},"b":{},"_coverageSchema":"1a1c01bbd47fc00a2c39e90264f33305004495a9","hash":"b14a462f44c5eb9307b4380096c98c67a7c2955e"}
,"/Users/rvaidyas/Desktop/Code/projects/my-portfolio/my-portfolio/client/src/components/CTAButtons.js": {"path":"/Users/rvaidyas/Desktop/Code/projects/my-portfolio/my-portfolio/client/src/components/CTAButtons.js","statementMap":{"0":{"start":{"line":9,"column":19},"end":{"line":21,"column":1}},"1":{"start":{"line":10,"column":2},"end":{"line":20,"column":4}},"2":{"start":{"line":23,"column":22},"end":{"line":36,"column":1}},"3":{"start":{"line":24,"column":2},"end":{"line":35,"column":9}},"4":{"start":{"line":38,"column":24},"end":{"line":45,"column":1}},"5":{"start":{"line":39,"column":2},"end":{"line":44,"column":9}},"6":{"start":{"line":47,"column":0},"end":{"line":50,"column":2}},"7":{"start":{"line":52,"column":0},"end":{"line":55,"column":2}}},"fnMap":{"0":{"name":"(anonymous_0)","decl":{"start":{"line":9,"column":19},"end":{"line":9,"column":20}},"loc":{"start":{"line":9,"column":25},"end":{"line":21,"column":1}},"line":9},"1":{"name":"(anonymous_1)","decl":{"start":{"line":23,"column":22},"end":{"line":23,"column":23}},"loc":{"start":{"line":24,"column":2},"end":{"line":35,"column":9}},"line":24},"2":{"name":"(anonymous_2)","decl":{"start":{"line":38,"column":24},"end":{"line":38,"column":25}},"loc":{"start":{"line":39,"column":2},"end":{"line":44,"column":9}},"line":39}},"branchMap":{},"s":{"0":1,"1":6,"2":1,"3":6,"4":1,"5":6,"6":1,"7":1},"f":{"0":6,"1":6,"2":6},"b":{},"_coverageSchema":"1a1c01bbd47fc00a2c39e90264f33305004495a9","hash":"fe0b3c4cbe0cf1f6e6f3598b0ce3ee67767e1563"}
,"/Users/rvaidyas/Desktop/Code/projects/my-portfolio/my-portfolio/client/src/components/ContactForm.js": {"path":"/Users/rvaidyas/Desktop/Code/projects/my-portfolio/my-portfolio/client/src/components/ContactForm.js","statementMap":{"0":{"start":{"line":16,"column":20},"end":{"line":137,"column":1}},"1":{"start":{"line":17,"column":34},"end":{"line":21,"column":4}},"2":{"start":{"line":22,"column":50},"end":{"line":22,"column":62}},"3":{"start":{"line":23,"column":44},"end":{"line":23,"column":59}},"4":{"start":{"line":25,"column":38},"end":{"line":25,"column":57}},"5":{"start":{"line":27,"column":23},"end":{"line":35,"column":3}},"6":{"start":{"line":28,"column":28},"end":{"line":28,"column":36}},"7":{"start":{"line":29,"column":4},"end":{"line":29,"column":56}},"8":{"start":{"line":29,"column":27},"end":{"line":29,"column":53}},"9":{"start":{"line":32,"column":4},"end":{"line":34,"column":5}},"10":{"start":{"line":33,"column":6},"end":{"line":33,"column":63}},"11":{"start":{"line":33,"column":37},"end":{"line":33,"column":60}},"12":{"start":{"line":37,"column":23},"end":{"line":58,"column":3}},"13":{"start":{"line":38,"column":4},"end":{"line":38,"column":23}},"14":{"start":{"line":39,"column":4},"end":{"line":39,"column":28}},"15":{"start":{"line":42,"column":23},"end":{"line":42,"column":57}},"16":{"start":{"line":44,"column":4},"end":{"line":47,"column":5}},"17":{"start":{"line":45,"column":6},"end":{"line":45,"column":45}},"18":{"start":{"line":46,"column":6},"end":{"line":46,"column":13}},"19":{"start":{"line":49,"column":4},"end":{"line":49,"column":28}},"20":{"start":{"line":52,"column":19},"end":{"line":52,"column":58}},"21":{"start":{"line":52,"column":39},"end":{"line":52,"column":57}},"22":{"start":{"line":54,"column":4},"end":{"line":57,"column":5}},"23":{"start":{"line":55,"column":6},"end":{"line":55,"column":29}},"24":{"start":{"line":56,"column":6},"end":{"line":56,"column":56}},"25":{"start":{"line":60,"column":2},"end":{"line":136,"column":4}},"26":{"start":{"line":139,"column":18},"end":{"line":203,"column":1}},"27":{"start":{"line":150,"column":18},"end":{"line":150,"column":33}},"28":{"start":{"line":152,"column":2},"end":{"line":202,"column":4}},"29":{"start":{"line":205,"column":0},"end":{"line":207,"column":2}},"30":{"start":{"line":209,"column":0},"end":{"line":218,"column":2}}},"fnMap":{"0":{"name":"(anonymous_0)","decl":{"start":{"line":16,"column":20},"end":{"line":16,"column":21}},"loc":{"start":{"line":16,"column":38},"end":{"line":137,"column":1}},"line":16},"1":{"name":"(anonymous_1)","decl":{"start":{"line":27,"column":23},"end":{"line":27,"column":24}},"loc":{"start":{"line":27,"column":30},"end":{"line":35,"column":3}},"line":27},"2":{"name":"(anonymous_2)","decl":{"start":{"line":29,"column":16},"end":{"line":29,"column":17}},"loc":{"start":{"line":29,"column":27},"end":{"line":29,"column":53}},"line":29},"3":{"name":"(anonymous_3)","decl":{"start":{"line":33,"column":26},"end":{"line":33,"column":27}},"loc":{"start":{"line":33,"column":37},"end":{"line":33,"column":60}},"line":33},"4":{"name":"(anonymous_4)","decl":{"start":{"line":37,"column":23},"end":{"line":37,"column":24}},"loc":{"start":{"line":37,"column":36},"end":{"line":58,"column":3}},"line":37},"5":{"name":"(anonymous_5)","decl":{"start":{"line":52,"column":33},"end":{"line":52,"column":34}},"loc":{"start":{"line":52,"column":39},"end":{"line":52,"column":57}},"line":52},"6":{"name":"(anonymous_6)","decl":{"start":{"line":139,"column":18},"end":{"line":139,"column":19}},"loc":{"start":{"line":149,"column":6},"end":{"line":203,"column":1}},"line":149}},"branchMap":{"0":{"loc":{"start":{"line":32,"column":4},"end":{"line":34,"column":5}},"type":"if","locations":[{"start":{"line":32,"column":4},"end":{"line":34,"column":5}},{"start":{},"end":{}}],"line":32},"1":{"loc":{"start":{"line":44,"column":4},"end":{"line":47,"column":5}},"type":"if","locations":[{"start":{"line":44,"column":4},"end":{"line":47,"column":5}},{"start":{},"end":{}}],"line":44},"2":{"loc":{"start":{"line":54,"column":4},"end":{"line":57,"column":5}},"type":"if","locations":[{"start":{"line":54,"column":4},"end":{"line":57,"column":5}},{"start":{},"end":{}}],"line":54},"3":{"loc":{"start":{"line":68,"column":7},"end":{"line":76,"column":7}},"type":"binary-expr","locations":[{"start":{"line":68,"column":7},"end":{"line":68,"column":20}},{"start":{"line":69,"column":8},"end":{"line":75,"column":21}}],"line":68},"4":{"loc":{"start":{"line":78,"column":7},"end":{"line":86,"column":7}},"type":"binary-expr","locations":[{"start":{"line":78,"column":7},"end":{"line":78,"column":12}},{"start":{"line":79,"column":8},"end":{"line":85,"column":21}}],"line":78},"5":{"loc":{"start":{"line":123,"column":29},"end":{"line":123,"column":47}},"type":"cond-expr","locations":[{"start":{"line":123,"column":39},"end":{"line":123,"column":40}},{"start":{"line":123,"column":43},"end":{"line":123,"column":47}}],"line":123},"6":{"loc":{"start":{"line":124,"column":27},"end":{"line":124,"column":45}},"type":"cond-expr","locations":[{"start":{"line":124,"column":37},"end":{"line":124,"column":38}},{"start":{"line":124,"column":41},"end":{"line":124,"column":45}}],"line":124},"7":{"loc":{"start":{"line":126,"column":9},"end":{"line":133,"column":9}},"type":"cond-expr","locations":[{"start":{"line":127,"column":10},"end":{"line":130,"column":13}},{"start":{"line":132,"column":10},"end":{"line":132,"column":24}}],"line":126},"8":{"loc":{"start":{"line":142,"column":2},"end":{"line":142,"column":15}},"type":"default-arg","locations":[{"start":{"line":142,"column":9},"end":{"line":142,"column":15}}],"line":142},"9":{"loc":{"start":{"line":146,"column":2},"end":{"line":146,"column":18}},"type":"default-arg","locations":[{"start":{"line":146,"column":13},"end":{"line":146,"column":18}}],"line":146},"10":{"loc":{"start":{"line":159,"column":9},"end":{"line":159,"column":65}},"type":"binary-expr","locations":[{"start":{"line":159,"column":9},"end":{"line":159,"column":17}},{"start":{"line":159,"column":21},"end":{"line":159,"column":65}}],"line":159},"11":{"loc":{"start":{"line":162,"column":7},"end":{"line":190,"column":7}},"type":"cond-expr","locations":[{"start":{"line":163,"column":8},"end":{"line":175,"column":10}},{"start":{"line":177,"column":8},"end":{"line":189,"column":10}}],"line":162},"12":{"loc":{"start":{"line":170,"column":12},"end":{"line":172,"column":64}},"type":"cond-expr","locations":[{"start":{"line":171,"column":16},"end":{"line":171,"column":42}},{"start":{"line":172,"column":16},"end":{"line":172,"column":64}}],"line":170},"13":{"loc":{"start":{"line":184,"column":12},"end":{"line":186,"column":64}},"type":"cond-expr","locations":[{"start":{"line":185,"column":16},"end":{"line":185,"column":42}},{"start":{"line":186,"column":16},"end":{"line":186,"column":64}}],"line":184},"14":{"loc":{"start":{"line":192,"column":7},"end":{"line":200,"column":7}},"type":"binary-expr","locations":[{"start":{"line":192,"column":7},"end":{"line":192,"column":12}},{"start":{"line":193,"column":8},"end":{"line":199,"column":19}}],"line":192}},"s":{"0":0,"1":0,"2":0,"3":0,"4":0,"5":0,"6":0,"7":0,"8":0,"9":0,"10":0,"11":0,"12":0,"13":0,"14":0,"15":0,"16":0,"17":0,"18":0,"19":0,"20":0,"21":0,"22":0,"23":0,"24":0,"25":0,"26":0,"27":0,"28":0,"29":0,"30":0},"f":{"0":0,"1":0,"2":0,"3":0,"4":0,"5":0,"6":0},"b":{"0":[0,0],"1":[0,0],"2":[0,0],"3":[0,0],"4":[0,0],"5":[0,0],"6":[0,0],"7":[0,0],"8":[0],"9":[0],"10":[0,0],"11":[0,0],"12":[0,0],"13":[0,0],"14":[0,0]}}
,"/Users/rvaidyas/Desktop/Code/projects/my-portfolio/my-portfolio/client/src/components/ErrorBoundary.js": {"path":"/Users/rvaidyas/Desktop/Code/projects/my-portfolio/my-portfolio/client/src/components/ErrorBoundary.js","statementMap":{"0":{"start":{"line":10,"column":4},"end":{"line":10,"column":17}},"1":{"start":{"line":11,"column":4},"end":{"line":11,"column":67}},"2":{"start":{"line":16,"column":4},"end":{"line":16,"column":30}},"3":{"start":{"line":21,"column":4},"end":{"line":21,"column":65}},"4":{"start":{"line":23,"column":4},"end":{"line":26,"column":7}},"5":{"start":{"line":29,"column":4},"end":{"line":31,"column":5}},"6":{"start":{"line":30,"column":6},"end":{"line":30,"column":47}},"7":{"start":{"line":37,"column":4},"end":{"line":37,"column":61}},"8":{"start":{"line":41,"column":4},"end":{"line":81,"column":5}},"9":{"start":{"line":42,"column":37},"end":{"line":42,"column":47}},"10":{"start":{"line":44,"column":6},"end":{"line":46,"column":7}},"11":{"start":{"line":45,"column":8},"end":{"line":45,"column":53}},"12":{"start":{"line":49,"column":6},"end":{"line":80,"column":8}},"13":{"start":{"line":61,"column":29},"end":{"line":61,"column":53}},"14":{"start":{"line":83,"column":4},"end":{"line":83,"column":31}},"15":{"start":{"line":87,"column":0},"end":{"line":90,"column":2}}},"fnMap":{"0":{"name":"(anonymous_0)","decl":{"start":{"line":9,"column":2},"end":{"line":9,"column":3}},"loc":{"start":{"line":9,"column":21},"end":{"line":12,"column":3}},"line":9},"1":{"name":"(anonymous_1)","decl":{"start":{"line":14,"column":2},"end":{"line":14,"column":3}},"loc":{"start":{"line":14,"column":41},"end":{"line":17,"column":3}},"line":14},"2":{"name":"(anonymous_2)","decl":{"start":{"line":19,"column":2},"end":{"line":19,"column":3}},"loc":{"start":{"line":19,"column":38},"end":{"line":32,"column":3}},"line":19},"3":{"name":"(anonymous_3)","decl":{"start":{"line":34,"column":2},"end":{"line":34,"column":3}},"loc":{"start":{"line":34,"column":38},"end":{"line":38,"column":3}},"line":34},"4":{"name":"(anonymous_4)","decl":{"start":{"line":40,"column":2},"end":{"line":40,"column":3}},"loc":{"start":{"line":40,"column":11},"end":{"line":84,"column":3}},"line":40},"5":{"name":"(anonymous_5)","decl":{"start":{"line":61,"column":23},"end":{"line":61,"column":24}},"loc":{"start":{"line":61,"column":29},"end":{"line":61,"column":53}},"line":61}},"branchMap":{"0":{"loc":{"start":{"line":29,"column":4},"end":{"line":31,"column":5}},"type":"if","locations":[{"start":{"line":29,"column":4},"end":{"line":31,"column":5}},{"start":{},"end":{}}],"line":29},"1":{"loc":{"start":{"line":41,"column":4},"end":{"line":81,"column":5}},"type":"if","locations":[{"start":{"line":41,"column":4},"end":{"line":81,"column":5}},{"start":{},"end":{}}],"line":41},"2":{"loc":{"start":{"line":44,"column":6},"end":{"line":46,"column":7}},"type":"if","locations":[{"start":{"line":44,"column":6},"end":{"line":46,"column":7}},{"start":{},"end":{}}],"line":44},"3":{"loc":{"start":{"line":66,"column":13},"end":{"line":77,"column":13}},"type":"binary-expr","locations":[{"start":{"line":66,"column":13},"end":{"line":66,"column":51}},{"start":{"line":67,"column":14},"end":{"line":76,"column":24}}],"line":66}},"s":{"0":20,"1":18,"2":16,"3":3,"4":3,"5":3,"6":1,"7":1,"8":45,"9":19,"10":19,"11":5,"12":14,"13":0,"14":26,"15":1},"f":{"0":20,"1":16,"2":3,"3":1,"4":45,"5":0},"b":{"0":[1,2],"1":[19,26],"2":[5,14],"3":[14,8]},"_coverageSchema":"1a1c01bbd47fc00a2c39e90264f33305004495a9","hash":"ff73b1a58166039491201971a62bd5f32d8d2825"}
,"/Users/rvaidyas/Desktop/Code/projects/my-portfolio/my-portfolio/client/src/components/Footer.js": {"path":"/Users/rvaidyas/Desktop/Code/projects/my-portfolio/my-portfolio/client/src/components/Footer.js","statementMap":{"0":{"start":{"line":6,"column":22},"end":{"line":17,"column":3}},"1":{"start":{"line":19,"column":21},"end":{"line":24,"column":3}},"2":{"start":{"line":26,"column":2},"end":{"line":168,"column":4}},"3":{"start":{"line":65,"column":16},"end":{"line":75,"column":27}},"4":{"start":{"line":99,"column":16},"end":{"line":106,"column":21}}},"fnMap":{"0":{"name":"Footer","decl":{"start":{"line":5,"column":24},"end":{"line":5,"column":30}},"loc":{"start":{"line":5,"column":33},"end":{"line":169,"column":1}},"line":5},"1":{"name":"(anonymous_1)","decl":{"start":{"line":64,"column":31},"end":{"line":64,"column":32}},"loc":{"start":{"line":65,"column":16},"end":{"line":75,"column":27}},"line":65},"2":{"name":"(anonymous_2)","decl":{"start":{"line":98,"column":30},"end":{"line":98,"column":31}},"loc":{"start":{"line":99,"column":16},"end":{"line":106,"column":21}},"line":99}},"branchMap":{},"s":{"0":9,"1":9,"2":9,"3":18,"4":36},"f":{"0":9,"1":18,"2":36},"b":{},"_coverageSchema":"1a1c01bbd47fc00a2c39e90264f33305004495a9","hash":"60522ff4efb11e49665e4e3327c6366779cc8f66"}
,"/Users/rvaidyas/Desktop/Code/projects/my-portfolio/my-portfolio/client/src/components/HeroSection.js": {"path":"/Users/rvaidyas/Desktop/Code/projects/my-portfolio/my-portfolio/client/src/components/HeroSection.js","statementMap":{"0":{"start":{"line":9,"column":20},"end":{"line":65,"column":1}},"1":{"start":{"line":17,"column":20},"end":{"line":17,"column":45}},"2":{"start":{"line":19,"column":2},"end":{"line":64,"column":4}},"3":{"start":{"line":67,"column":22},"end":{"line":85,"column":1}},"4":{"start":{"line":68,"column":2},"end":{"line":84,"column":15}},"5":{"start":{"line":87,"column":22},"end":{"line":106,"column":1}},"6":{"start":{"line":88,"column":2},"end":{"line":105,"column":15}},"7":{"start":{"line":108,"column":0},"end":{"line":110,"column":2}},"8":{"start":{"line":112,"column":0},"end":{"line":114,"column":2}}},"fnMap":{"0":{"name":"(anonymous_0)","decl":{"start":{"line":9,"column":20},"end":{"line":9,"column":21}},"loc":{"start":{"line":16,"column":6},"end":{"line":65,"column":1}},"line":16},"1":{"name":"(anonymous_1)","decl":{"start":{"line":67,"column":22},"end":{"line":67,"column":23}},"loc":{"start":{"line":68,"column":2},"end":{"line":84,"column":15}},"line":68},"2":{"name":"(anonymous_2)","decl":{"start":{"line":87,"column":22},"end":{"line":87,"column":23}},"loc":{"start":{"line":88,"column":2},"end":{"line":105,"column":15}},"line":88}},"branchMap":{"0":{"loc":{"start":{"line":10,"column":2},"end":{"line":15,"column":3}},"type":"default-arg","locations":[{"start":{"line":10,"column":10},"end":{"line":15,"column":3}}],"line":10}},"s":{"0":1,"1":33,"2":33,"3":1,"4":33,"5":1,"6":33,"7":1,"8":1},"f":{"0":33,"1":33,"2":33},"b":{"0":[0]},"_coverageSchema":"1a1c01bbd47fc00a2c39e90264f33305004495a9","hash":"30fe7ff0aa25a00fb671d4dbf96d07afdd45ad26"}
,"/Users/rvaidyas/Desktop/Code/projects/my-portfolio/my-portfolio/client/src/components/Loading.js": {"path":"/Users/rvaidyas/Desktop/Code/projects/my-portfolio/my-portfolio/client/src/components/Loading.js","statementMap":{"0":{"start":{"line":9,"column":23},"end":{"line":29,"column":1}},"1":{"start":{"line":10,"column":22},"end":{"line":14,"column":3}},"2":{"start":{"line":16,"column":23},"end":{"line":20,"column":3}},"3":{"start":{"line":22,"column":2},"end":{"line":28,"column":4}},"4":{"start":{"line":31,"column":20},"end":{"line":37,"column":1}},"5":{"start":{"line":32,"column":2},"end":{"line":36,"column":8}},"6":{"start":{"line":39,"column":20},"end":{"line":46,"column":1}},"7":{"start":{"line":40,"column":2},"end":{"line":45,"column":8}},"8":{"start":{"line":48,"column":0},"end":{"line":51,"column":2}},"9":{"start":{"line":53,"column":0},"end":{"line":55,"column":2}}},"fnMap":{"0":{"name":"(anonymous_0)","decl":{"start":{"line":9,"column":23},"end":{"line":9,"column":24}},"loc":{"start":{"line":9,"column":64},"end":{"line":29,"column":1}},"line":9},"1":{"name":"(anonymous_1)","decl":{"start":{"line":31,"column":20},"end":{"line":31,"column":21}},"loc":{"start":{"line":32,"column":2},"end":{"line":36,"column":8}},"line":32},"2":{"name":"(anonymous_2)","decl":{"start":{"line":39,"column":20},"end":{"line":39,"column":21}},"loc":{"start":{"line":40,"column":2},"end":{"line":45,"column":8}},"line":40}},"branchMap":{"0":{"loc":{"start":{"line":9,"column":26},"end":{"line":9,"column":41}},"type":"default-arg","locations":[{"start":{"line":9,"column":33},"end":{"line":9,"column":41}}],"line":9},"1":{"loc":{"start":{"line":9,"column":43},"end":{"line":9,"column":57}},"type":"default-arg","locations":[{"start":{"line":9,"column":51},"end":{"line":9,"column":57}}],"line":9},"2":{"loc":{"start":{"line":39,"column":23},"end":{"line":39,"column":45}},"type":"default-arg","locations":[{"start":{"line":39,"column":33},"end":{"line":39,"column":45}}],"line":39}},"s":{"0":0,"1":0,"2":0,"3":0,"4":0,"5":0,"6":0,"7":0,"8":0,"9":0},"f":{"0":0,"1":0,"2":0},"b":{"0":[0],"1":[0],"2":[0]}}
,"/Users/rvaidyas/Desktop/Code/projects/my-portfolio/my-portfolio/client/src/components/Navbar.js": {"path":"/Users/rvaidyas/Desktop/Code/projects/my-portfolio/my-portfolio/client/src/components/Navbar.js","statementMap":{"0":{"start":{"line":7,"column":37},"end":{"line":7,"column":52}},"1":{"start":{"line":8,"column":33},"end":{"line":8,"column":48}},"2":{"start":{"line":9,"column":18},"end":{"line":9,"column":31}},"3":{"start":{"line":11,"column":18},"end":{"line":17,"column":2}},"4":{"start":{"line":19,"column":1},"end":{"line":26,"column":8}},"5":{"start":{"line":20,"column":23},"end":{"line":22,"column":3}},"6":{"start":{"line":21,"column":3},"end":{"line":21,"column":36}},"7":{"start":{"line":24,"column":2},"end":{"line":24,"column":50}},"8":{"start":{"line":25,"column":2},"end":{"line":25,"column":66}},"9":{"start":{"line":25,"column":15},"end":{"line":25,"column":65}},"10":{"start":{"line":28,"column":1},"end":{"line":144,"column":3}},"11":{"start":{"line":56,"column":7},"end":{"line":70,"column":14}},"12":{"start":{"line":83,"column":22},"end":{"line":83,"column":48}},"13":{"start":{"line":125,"column":9},"end":{"line":136,"column":16}},"14":{"start":{"line":128,"column":25},"end":{"line":128,"column":45}}},"fnMap":{"0":{"name":"Navbar","decl":{"start":{"line":6,"column":24},"end":{"line":6,"column":30}},"loc":{"start":{"line":6,"column":33},"end":{"line":145,"column":1}},"line":6},"1":{"name":"(anonymous_1)","decl":{"start":{"line":19,"column":11},"end":{"line":19,"column":12}},"loc":{"start":{"line":19,"column":17},"end":{"line":26,"column":2}},"line":19},"2":{"name":"(anonymous_2)","decl":{"start":{"line":20,"column":23},"end":{"line":20,"column":24}},"loc":{"start":{"line":20,"column":29},"end":{"line":22,"column":3}},"line":20},"3":{"name":"(anonymous_3)","decl":{"start":{"line":25,"column":9},"end":{"line":25,"column":10}},"loc":{"start":{"line":25,"column":15},"end":{"line":25,"column":65}},"line":25},"4":{"name":"(anonymous_4)","decl":{"start":{"line":55,"column":20},"end":{"line":55,"column":21}},"loc":{"start":{"line":56,"column":7},"end":{"line":70,"column":14}},"line":56},"5":{"name":"(anonymous_5)","decl":{"start":{"line":83,"column":16},"end":{"line":83,"column":17}},"loc":{"start":{"line":83,"column":22},"end":{"line":83,"column":48}},"line":83},"6":{"name":"(anonymous_6)","decl":{"start":{"line":124,"column":22},"end":{"line":124,"column":23}},"loc":{"start":{"line":125,"column":9},"end":{"line":136,"column":16}},"line":125},"7":{"name":"(anonymous_7)","decl":{"start":{"line":128,"column":19},"end":{"line":128,"column":20}},"loc":{"start":{"line":128,"column":25},"end":{"line":128,"column":45}},"line":128}},"branchMap":{"0":{"loc":{"start":{"line":31,"column":4},"end":{"line":33,"column":23}},"type":"cond-expr","locations":[{"start":{"line":32,"column":7},"end":{"line":32,"column":67}},{"start":{"line":33,"column":7},"end":{"line":33,"column":23}}],"line":31},"1":{"loc":{"start":{"line":61,"column":9},"end":{"line":68,"column":9}},"type":"binary-expr","locations":[{"start":{"line":61,"column":9},"end":{"line":61,"column":40}},{"start":{"line":62,"column":9},"end":{"line":67,"column":11}}],"line":61},"2":{"loc":{"start":{"line":93,"column":9},"end":{"line":107,"column":9}},"type":"cond-expr","locations":[{"start":{"line":94,"column":9},"end":{"line":99,"column":11}},{"start":{"line":101,"column":9},"end":{"line":106,"column":11}}],"line":93},"3":{"loc":{"start":{"line":115,"column":6},"end":{"line":140,"column":6}},"type":"binary-expr","locations":[{"start":{"line":115,"column":6},"end":{"line":115,"column":16}},{"start":{"line":116,"column":6},"end":{"line":139,"column":19}}],"line":115},"4":{"loc":{"start":{"line":130,"column":11},"end":{"line":132,"column":93}},"type":"cond-expr","locations":[{"start":{"line":131,"column":14},"end":{"line":131,"column":80}},{"start":{"line":132,"column":14},"end":{"line":132,"column":93}}],"line":130}},"s":{"0":4,"1":4,"2":4,"3":4,"4":4,"5":4,"6":0,"7":4,"8":4,"9":4,"10":4,"11":20,"12":0,"13":0,"14":0},"f":{"0":4,"1":4,"2":0,"3":4,"4":20,"5":0,"6":0,"7":0},"b":{"0":[0,4],"1":[20,4],"2":[0,4],"3":[4,0],"4":[0,0]},"_coverageSchema":"1a1c01bbd47fc00a2c39e90264f33305004495a9","hash":"612a714cd1710724505b7d3e66dc7de3720f2cd2"}
,"/Users/rvaidyas/Desktop/Code/projects/my-portfolio/my-portfolio/client/src/components/ProjectCard.js": {"path":"/Users/rvaidyas/Desktop/Code/projects/my-portfolio/my-portfolio/client/src/components/ProjectCard.js","statementMap":{"0":{"start":{"line":13,"column":5},"end":{"line":13,"column":12}},"1":{"start":{"line":15,"column":1},"end":{"line":87,"column":3}},"2":{"start":{"line":22,"column":18},"end":{"line":22,"column":36}},"3":{"start":{"line":50,"column":7},"end":{"line":55,"column":14}},"4":{"start":{"line":68,"column":23},"end":{"line":68,"column":42}},"5":{"start":{"line":79,"column":23},"end":{"line":79,"column":42}}},"fnMap":{"0":{"name":"ProjectCard","decl":{"start":{"line":4,"column":24},"end":{"line":4,"column":35}},"loc":{"start":{"line":4,"column":65},"end":{"line":88,"column":1}},"line":4},"1":{"name":"(anonymous_1)","decl":{"start":{"line":22,"column":12},"end":{"line":22,"column":13}},"loc":{"start":{"line":22,"column":18},"end":{"line":22,"column":36}},"line":22},"2":{"name":"(anonymous_2)","decl":{"start":{"line":49,"column":48},"end":{"line":49,"column":49}},"loc":{"start":{"line":50,"column":7},"end":{"line":55,"column":14}},"line":50},"3":{"name":"(anonymous_3)","decl":{"start":{"line":68,"column":16},"end":{"line":68,"column":17}},"loc":{"start":{"line":68,"column":23},"end":{"line":68,"column":42}},"line":68},"4":{"name":"(anonymous_4)","decl":{"start":{"line":79,"column":16},"end":{"line":79,"column":17}},"loc":{"start":{"line":79,"column":23},"end":{"line":79,"column":42}},"line":79}},"branchMap":{"0":{"loc":{"start":{"line":8,"column":2},"end":{"line":8,"column":11}},"type":"default-arg","locations":[{"start":{"line":8,"column":9},"end":{"line":8,"column":11}}],"line":8},"1":{"loc":{"start":{"line":12,"column":2},"end":{"line":12,"column":16}},"type":"default-arg","locations":[{"start":{"line":12,"column":14},"end":{"line":12,"column":16}}],"line":12},"2":{"loc":{"start":{"line":25,"column":4},"end":{"line":33,"column":4}},"type":"binary-expr","locations":[{"start":{"line":25,"column":4},"end":{"line":25,"column":9}},{"start":{"line":26,"column":4},"end":{"line":32,"column":10}}],"line":25},"3":{"loc":{"start":{"line":47,"column":5},"end":{"line":58,"column":5}},"type":"binary-expr","locations":[{"start":{"line":47,"column":6},"end":{"line":47,"column":21}},{"start":{"line":47,"column":25},"end":{"line":47,"column":45}},{"start":{"line":48,"column":5},"end":{"line":57,"column":11}}],"line":47},"4":{"loc":{"start":{"line":49,"column":8},"end":{"line":49,"column":42}},"type":"cond-expr","locations":[{"start":{"line":49,"column":26},"end":{"line":49,"column":30}},{"start":{"line":49,"column":33},"end":{"line":49,"column":42}}],"line":49},"5":{"loc":{"start":{"line":62,"column":6},"end":{"line":72,"column":6}},"type":"binary-expr","locations":[{"start":{"line":62,"column":6},"end":{"line":62,"column":16}},{"start":{"line":63,"column":6},"end":{"line":71,"column":10}}],"line":62},"6":{"loc":{"start":{"line":73,"column":6},"end":{"line":83,"column":6}},"type":"binary-expr","locations":[{"start":{"line":73,"column":6},"end":{"line":73,"column":14}},{"start":{"line":74,"column":6},"end":{"line":82,"column":10}}],"line":73}},"s":{"0":60,"1":60,"2":0,"3":0,"4":0,"5":0},"f":{"0":60,"1":0,"2":0,"3":0,"4":0},"b":{"0":[60],"1":[60],"2":[60,60],"3":[60,60,0],"4":[0,0],"5":[60,0],"6":[60,0]},"_coverageSchema":"1a1c01bbd47fc00a2c39e90264f33305004495a9","hash":"cbdf8541583a68272c2f2b64d84fcd2322ac30fd"}
,"/Users/rvaidyas/Desktop/Code/projects/my-portfolio/my-portfolio/client/src/components/ScrollIndicator.js": {"path":"/Users/rvaidyas/Desktop/Code/projects/my-portfolio/my-portfolio/client/src/components/ScrollIndicator.js","statementMap":{"0":{"start":{"line":7,"column":24},"end":{"line":28,"column":1}},"1":{"start":{"line":8,"column":2},"end":{"line":27,"column":4}}},"fnMap":{"0":{"name":"(anonymous_0)","decl":{"start":{"line":7,"column":24},"end":{"line":7,"column":25}},"loc":{"start":{"line":7,"column":30},"end":{"line":28,"column":1}},"line":7}},"branchMap":{},"s":{"0":1,"1":6},"f":{"0":6},"b":{},"_coverageSchema":"1a1c01bbd47fc00a2c39e90264f33305004495a9","hash":"5697ee64a239546a81df0a3f277e8f73c7598aa8"}
,"/Users/rvaidyas/Desktop/Code/projects/my-portfolio/my-portfolio/client/src/components/SocialLinks.js": {"path":"/Users/rvaidyas/Desktop/Code/projects/my-portfolio/my-portfolio/client/src/components/SocialLinks.js","statementMap":{"0":{"start":{"line":8,"column":20},"end":{"line":36,"column":1}},"1":{"start":{"line":24,"column":2},"end":{"line":35,"column":4}},"2":{"start":{"line":32,"column":8},"end":{"line":32,"column":64}},"3":{"start":{"line":38,"column":19},"end":{"line":57,"column":1}},"4":{"start":{"line":39,"column":2},"end":{"line":56,"column":13}},"5":{"start":{"line":59,"column":18},"end":{"line":64,"column":2}},"6":{"start":{"line":66,"column":0},"end":{"line":68,"column":2}},"7":{"start":{"line":70,"column":0},"end":{"line":73,"column":2}}},"fnMap":{"0":{"name":"(anonymous_0)","decl":{"start":{"line":8,"column":20},"end":{"line":8,"column":21}},"loc":{"start":{"line":23,"column":6},"end":{"line":36,"column":1}},"line":23},"1":{"name":"(anonymous_1)","decl":{"start":{"line":31,"column":17},"end":{"line":31,"column":18}},"loc":{"start":{"line":32,"column":8},"end":{"line":32,"column":64}},"line":32},"2":{"name":"(anonymous_2)","decl":{"start":{"line":38,"column":19},"end":{"line":38,"column":20}},"loc":{"start":{"line":39,"column":2},"end":{"line":56,"column":13}},"line":39}},"branchMap":{"0":{"loc":{"start":{"line":9,"column":2},"end":{"line":22,"column":3}},"type":"default-arg","locations":[{"start":{"line":9,"column":10},"end":{"line":22,"column":3}}],"line":9}},"s":{"0":1,"1":6,"2":12,"3":1,"4":12,"5":1,"6":1,"7":1},"f":{"0":6,"1":12,"2":12},"b":{"0":[0]},"_coverageSchema":"1a1c01bbd47fc00a2c39e90264f33305004495a9","hash":"08be45cc582efdd18befb994d61074c058a04dda"}
,"/Users/rvaidyas/Desktop/Code/projects/my-portfolio/my-portfolio/client/src/components/ThemeToggle.js": {"path":"/Users/rvaidyas/Desktop/Code/projects/my-portfolio/my-portfolio/client/src/components/ThemeToggle.js","statementMap":{"0":{"start":{"line":5,"column":25},"end":{"line":7,"column":2}},"1":{"start":{"line":6,"column":8},"end":{"line":6,"column":48}},"2":{"start":{"line":9,"column":1},"end":{"line":12,"column":12}},"3":{"start":{"line":10,"column":2},"end":{"line":10,"column":58}},"4":{"start":{"line":11,"column":2},"end":{"line":11,"column":57}},"5":{"start":{"line":14,"column":21},"end":{"line":16,"column":2}},"6":{"start":{"line":15,"column":2},"end":{"line":15,"column":17}},"7":{"start":{"line":18,"column":1},"end":{"line":71,"column":3}}},"fnMap":{"0":{"name":"ThemeToggle","decl":{"start":{"line":4,"column":24},"end":{"line":4,"column":35}},"loc":{"start":{"line":4,"column":38},"end":{"line":72,"column":1}},"line":4},"1":{"name":"(anonymous_1)","decl":{"start":{"line":6,"column":2},"end":{"line":6,"column":3}},"loc":{"start":{"line":6,"column":8},"end":{"line":6,"column":48}},"line":6},"2":{"name":"(anonymous_2)","decl":{"start":{"line":9,"column":11},"end":{"line":9,"column":12}},"loc":{"start":{"line":9,"column":17},"end":{"line":12,"column":2}},"line":9},"3":{"name":"(anonymous_3)","decl":{"start":{"line":14,"column":21},"end":{"line":14,"column":22}},"loc":{"start":{"line":14,"column":27},"end":{"line":16,"column":2}},"line":14}},"branchMap":{"0":{"loc":{"start":{"line":11,"column":32},"end":{"line":11,"column":55}},"type":"cond-expr","locations":[{"start":{"line":11,"column":39},"end":{"line":11,"column":45}},{"start":{"line":11,"column":48},"end":{"line":11,"column":55}}],"line":11},"1":{"loc":{"start":{"line":27,"column":8},"end":{"line":27,"column":21}},"type":"cond-expr","locations":[{"start":{"line":27,"column":15},"end":{"line":27,"column":17}},{"start":{"line":27,"column":20},"end":{"line":27,"column":21}}],"line":27},"2":{"loc":{"start":{"line":37,"column":24},"end":{"line":37,"column":38}},"type":"cond-expr","locations":[{"start":{"line":37,"column":31},"end":{"line":37,"column":34}},{"start":{"line":37,"column":37},"end":{"line":37,"column":38}}],"line":37},"3":{"loc":{"start":{"line":40,"column":6},"end":{"line":40,"column":24}},"type":"cond-expr","locations":[{"start":{"line":40,"column":13},"end":{"line":40,"column":17}},{"start":{"line":40,"column":20},"end":{"line":40,"column":24}}],"line":40},"4":{"loc":{"start":{"line":52,"column":15},"end":{"line":52,"column":27}},"type":"cond-expr","locations":[{"start":{"line":52,"column":22},"end":{"line":52,"column":23}},{"start":{"line":52,"column":26},"end":{"line":52,"column":27}}],"line":52},"5":{"loc":{"start":{"line":53,"column":13},"end":{"line":53,"column":27}},"type":"cond-expr","locations":[{"start":{"line":53,"column":20},"end":{"line":53,"column":23}},{"start":{"line":53,"column":26},"end":{"line":53,"column":27}}],"line":53},"6":{"loc":{"start":{"line":62,"column":15},"end":{"line":62,"column":27}},"type":"cond-expr","locations":[{"start":{"line":62,"column":22},"end":{"line":62,"column":23}},{"start":{"line":62,"column":26},"end":{"line":62,"column":27}}],"line":62},"7":{"loc":{"start":{"line":63,"column":13},"end":{"line":63,"column":27}},"type":"cond-expr","locations":[{"start":{"line":63,"column":20},"end":{"line":63,"column":21}},{"start":{"line":63,"column":24},"end":{"line":63,"column":27}}],"line":63}},"s":{"0":9,"1":5,"2":9,"3":9,"4":9,"5":9,"6":4,"7":9},"f":{"0":9,"1":5,"2":9,"3":4},"b":{"0":[3,6],"1":[3,6],"2":[3,6],"3":[3,6],"4":[3,6],"5":[3,6],"6":[3,6],"7":[3,6]},"_coverageSchema":"1a1c01bbd47fc00a2c39e90264f33305004495a9","hash":"c48766b1cb7cfc9abc2cefcb93c8ea9fbd8d1fb5"}
,"/Users/rvaidyas/Desktop/Code/projects/my-portfolio/my-portfolio/client/src/config/constants.js": {"path":"/Users/rvaidyas/Desktop/Code/projects/my-portfolio/my-portfolio/client/src/config/constants.js","statementMap":{"0":{"start":{"line":6,"column":26},"end":{"line":11,"column":1}},"1":{"start":{"line":13,"column":26},"end":{"line":26,"column":1}},"2":{"start":{"line":28,"column":32},"end":{"line":34,"column":1}},"3":{"start":{"line":36,"column":28},"end":{"line":50,"column":1}},"4":{"start":{"line":52,"column":22},"end":{"line":66,"column":1}}},"fnMap":{},"branchMap":{"0":{"loc":{"start":{"line":7,"column":12},"end":{"line":7,"column":47}},"type":"binary-expr","locations":[{"start":{"line":7,"column":12},"end":{"line":7,"column":41}},{"start":{"line":7,"column":45},"end":{"line":7,"column":47}}],"line":7}},"s":{"0":0,"1":0,"2":0,"3":0,"4":0},"f":{},"b":{"0":[0,0]}}
,"/Users/rvaidyas/Desktop/Code/projects/my-portfolio/my-portfolio/client/src/config/environment.js": {"path":"/Users/rvaidyas/Desktop/Code/projects/my-portfolio/my-portfolio/client/src/config/environment.js","statementMap":{"0":{"start":{"line":8,"column":4},"end":{"line":8,"column":53}},"1":{"start":{"line":12,"column":4},"end":{"line":12,"column":38}},"2":{"start":{"line":16,"column":4},"end":{"line":16,"column":37}},"3":{"start":{"line":20,"column":4},"end":{"line":20,"column":31}},"4":{"start":{"line":24,"column":4},"end":{"line":26,"column":5}},"5":{"start":{"line":25,"column":6},"end":{"line":25,"column":75}},"6":{"start":{"line":27,"column":4},"end":{"line":27,"column":68}},"7":{"start":{"line":31,"column":4},"end":{"line":36,"column":6}},"8":{"start":{"line":40,"column":4},"end":{"line":40,"column":44}},"9":{"start":{"line":40,"column":29},"end":{"line":40,"column":44}},"10":{"start":{"line":41,"column":4},"end":{"line":41,"column":39}},"11":{"start":{"line":41,"column":23},"end":{"line":41,"column":39}},"12":{"start":{"line":42,"column":4},"end":{"line":42,"column":19}}},"fnMap":{"0":{"name":"(anonymous_0)","decl":{"start":{"line":7,"column":2},"end":{"line":7,"column":3}},"loc":{"start":{"line":7,"column":16},"end":{"line":9,"column":3}},"line":7},"1":{"name":"(anonymous_1)","decl":{"start":{"line":11,"column":2},"end":{"line":11,"column":3}},"loc":{"start":{"line":11,"column":18},"end":{"line":13,"column":3}},"line":11},"2":{"name":"(anonymous_2)","decl":{"start":{"line":15,"column":2},"end":{"line":15,"column":3}},"loc":{"start":{"line":15,"column":17},"end":{"line":17,"column":3}},"line":15},"3":{"name":"(anonymous_3)","decl":{"start":{"line":19,"column":2},"end":{"line":19,"column":3}},"loc":{"start":{"line":19,"column":11},"end":{"line":21,"column":3}},"line":19},"4":{"name":"(anonymous_4)","decl":{"start":{"line":23,"column":2},"end":{"line":23,"column":3}},"loc":{"start":{"line":23,"column":14},"end":{"line":28,"column":3}},"line":23},"5":{"name":"(anonymous_5)","decl":{"start":{"line":30,"column":2},"end":{"line":30,"column":3}},"loc":{"start":{"line":30,"column":20},"end":{"line":37,"column":3}},"line":30},"6":{"name":"(anonymous_6)","decl":{"start":{"line":39,"column":2},"end":{"line":39,"column":3}},"loc":{"start":{"line":39,"column":16},"end":{"line":43,"column":3}},"line":39}},"branchMap":{"0":{"loc":{"start":{"line":8,"column":15},"end":{"line":8,"column":52}},"type":"binary-expr","locations":[{"start":{"line":8,"column":15},"end":{"line":8,"column":35}},{"start":{"line":8,"column":39},"end":{"line":8,"column":52}}],"line":8},"1":{"loc":{"start":{"line":24,"column":4},"end":{"line":26,"column":5}},"type":"if","locations":[{"start":{"line":24,"column":4},"end":{"line":26,"column":5}},{"start":{},"end":{}}],"line":24},"2":{"loc":{"start":{"line":25,"column":13},"end":{"line":25,"column":74}},"type":"binary-expr","locations":[{"start":{"line":25,"column":13},"end":{"line":25,"column":42}},{"start":{"line":25,"column":46},"end":{"line":25,"column":74}}],"line":25},"3":{"loc":{"start":{"line":27,"column":11},"end":{"line":27,"column":67}},"type":"binary-expr","locations":[{"start":{"line":27,"column":11},"end":{"line":27,"column":40}},{"start":{"line":27,"column":44},"end":{"line":27,"column":67}}],"line":27},"4":{"loc":{"start":{"line":40,"column":4},"end":{"line":40,"column":44}},"type":"if","locations":[{"start":{"line":40,"column":4},"end":{"line":40,"column":44}},{"start":{},"end":{}}],"line":40},"5":{"loc":{"start":{"line":41,"column":4},"end":{"line":41,"column":39}},"type":"if","locations":[{"start":{"line":41,"column":4},"end":{"line":41,"column":39}},{"start":{},"end":{}}],"line":41}},"s":{"0":0,"1":0,"2":0,"3":0,"4":0,"5":0,"6":0,"7":0,"8":0,"9":0,"10":0,"11":0,"12":0},"f":{"0":0,"1":0,"2":0,"3":0,"4":0,"5":0,"6":0},"b":{"0":[0,0],"1":[0,0],"2":[0,0],"3":[0,0],"4":[0,0],"5":[0,0]}}
,"/Users/rvaidyas/Desktop/Code/projects/my-portfolio/my-portfolio/client/src/contexts/AuthContext.js": {"path":"/Users/rvaidyas/Desktop/Code/projects/my-portfolio/my-portfolio/client/src/contexts/AuthContext.js","statementMap":{"0":{"start":{"line":11,"column":20},"end":{"line":11,"column":35}},"1":{"start":{"line":13,"column":23},"end":{"line":19,"column":1}},"2":{"start":{"line":14,"column":18},"end":{"line":14,"column":41}},"3":{"start":{"line":15,"column":2},"end":{"line":17,"column":3}},"4":{"start":{"line":16,"column":4},"end":{"line":16,"column":67}},"5":{"start":{"line":18,"column":2},"end":{"line":18,"column":17}},"6":{"start":{"line":21,"column":28},"end":{"line":70,"column":1}},"7":{"start":{"line":22,"column":26},"end":{"line":22,"column":40}},"8":{"start":{"line":23,"column":28},"end":{"line":25,"column":4}},"9":{"start":{"line":24,"column":4},"end":{"line":24,"column":34}},"10":{"start":{"line":27,"column":16},"end":{"line":37,"column":3}},"11":{"start":{"line":28,"column":19},"end":{"line":28,"column":62}},"12":{"start":{"line":30,"column":4},"end":{"line":34,"column":5}},"13":{"start":{"line":31,"column":6},"end":{"line":31,"column":29}},"14":{"start":{"line":32,"column":6},"end":{"line":32,"column":27}},"15":{"start":{"line":33,"column":6},"end":{"line":33,"column":31}},"16":{"start":{"line":36,"column":4},"end":{"line":36,"column":18}},"17":{"start":{"line":39,"column":17},"end":{"line":44,"column":3}},"18":{"start":{"line":40,"column":19},"end":{"line":40,"column":45}},"19":{"start":{"line":41,"column":4},"end":{"line":41,"column":19}},"20":{"start":{"line":42,"column":4},"end":{"line":42,"column":18}},"21":{"start":{"line":43,"column":4},"end":{"line":43,"column":18}},"22":{"start":{"line":46,"column":26},"end":{"line":48,"column":3}},"23":{"start":{"line":47,"column":4},"end":{"line":47,"column":41}},"24":{"start":{"line":51,"column":2},"end":{"line":56,"column":14}},"25":{"start":{"line":52,"column":23},"end":{"line":52,"column":45}},"26":{"start":{"line":53,"column":4},"end":{"line":55,"column":5}},"27":{"start":{"line":54,"column":6},"end":{"line":54,"column":27}},"28":{"start":{"line":58,"column":16},"end":{"line":67,"column":3}},"29":{"start":{"line":59,"column":11},"end":{"line":65,"column":5}},"30":{"start":{"line":69,"column":2},"end":{"line":69,"column":79}},"31":{"start":{"line":72,"column":0},"end":{"line":74,"column":2}}},"fnMap":{"0":{"name":"(anonymous_0)","decl":{"start":{"line":13,"column":23},"end":{"line":13,"column":24}},"loc":{"start":{"line":13,"column":29},"end":{"line":19,"column":1}},"line":13},"1":{"name":"(anonymous_1)","decl":{"start":{"line":21,"column":28},"end":{"line":21,"column":29}},"loc":{"start":{"line":21,"column":46},"end":{"line":70,"column":1}},"line":21},"2":{"name":"(anonymous_2)","decl":{"start":{"line":23,"column":37},"end":{"line":23,"column":38}},"loc":{"start":{"line":23,"column":43},"end":{"line":25,"column":3}},"line":23},"3":{"name":"(anonymous_3)","decl":{"start":{"line":27,"column":16},"end":{"line":27,"column":17}},"loc":{"start":{"line":27,"column":46},"end":{"line":37,"column":3}},"line":27},"4":{"name":"(anonymous_4)","decl":{"start":{"line":39,"column":17},"end":{"line":39,"column":18}},"loc":{"start":{"line":39,"column":29},"end":{"line":44,"column":3}},"line":39},"5":{"name":"(anonymous_5)","decl":{"start":{"line":46,"column":26},"end":{"line":46,"column":27}},"loc":{"start":{"line":46,"column":32},"end":{"line":48,"column":3}},"line":46},"6":{"name":"(anonymous_6)","decl":{"start":{"line":51,"column":12},"end":{"line":51,"column":13}},"loc":{"start":{"line":51,"column":18},"end":{"line":56,"column":3}},"line":51},"7":{"name":"(anonymous_7)","decl":{"start":{"line":59,"column":4},"end":{"line":59,"column":5}},"loc":{"start":{"line":59,"column":11},"end":{"line":65,"column":5}},"line":59}},"branchMap":{"0":{"loc":{"start":{"line":15,"column":2},"end":{"line":17,"column":3}},"type":"if","locations":[{"start":{"line":15,"column":2},"end":{"line":17,"column":3}},{"start":{},"end":{}}],"line":15},"1":{"loc":{"start":{"line":30,"column":4},"end":{"line":34,"column":5}},"type":"if","locations":[{"start":{"line":30,"column":4},"end":{"line":34,"column":5}},{"start":{},"end":{}}],"line":30},"2":{"loc":{"start":{"line":53,"column":4},"end":{"line":55,"column":5}},"type":"if","locations":[{"start":{"line":53,"column":4},"end":{"line":55,"column":5}},{"start":{},"end":{}}],"line":53},"3":{"loc":{"start":{"line":53,"column":8},"end":{"line":53,"column":28}},"type":"binary-expr","locations":[{"start":{"line":53,"column":8},"end":{"line":53,"column":18}},{"start":{"line":53,"column":22},"end":{"line":53,"column":28}}],"line":53}},"s":{"0":0,"1":0,"2":0,"3":0,"4":0,"5":0,"6":0,"7":0,"8":0,"9":0,"10":0,"11":0,"12":0,"13":0,"14":0,"15":0,"16":0,"17":0,"18":0,"19":0,"20":0,"21":0,"22":0,"23":0,"24":0,"25":0,"26":0,"27":0,"28":0,"29":0,"30":0,"31":0},"f":{"0":0,"1":0,"2":0,"3":0,"4":0,"5":0,"6":0,"7":0},"b":{"0":[0,0],"1":[0,0],"2":[0,0],"3":[0,0]}}
,"/Users/rvaidyas/Desktop/Code/projects/my-portfolio/my-portfolio/client/src/data/projects.js": {"path":"/Users/rvaidyas/Desktop/Code/projects/my-portfolio/my-portfolio/client/src/data/projects.js","statementMap":{"0":{"start":{"line":2,"column":33},"end":{"line":131,"column":1}},"1":{"start":{"line":134,"column":30},"end":{"line":136,"column":1}},"2":{"start":{"line":135,"column":2},"end":{"line":135,"column":26}},"3":{"start":{"line":139,"column":30},"end":{"line":141,"column":1}},"4":{"start":{"line":140,"column":2},"end":{"line":140,"column":63}},"5":{"start":{"line":140,"column":44},"end":{"line":140,"column":61}},"6":{"start":{"line":144,"column":35},"end":{"line":146,"column":1}},"7":{"start":{"line":145,"column":2},"end":{"line":145,"column":64}},"8":{"start":{"line":145,"column":46},"end":{"line":145,"column":62}},"9":{"start":{"line":149,"column":37},"end":{"line":151,"column":1}},"10":{"start":{"line":150,"column":2},"end":{"line":150,"column":77}},"11":{"start":{"line":150,"column":46},"end":{"line":150,"column":75}},"12":{"start":{"line":154,"column":35},"end":{"line":156,"column":1}},"13":{"start":{"line":155,"column":2},"end":{"line":155,"column":73}},"14":{"start":{"line":155,"column":46},"end":{"line":155,"column":71}},"15":{"start":{"line":159,"column":26},"end":{"line":172,"column":1}},"16":{"start":{"line":160,"column":21},"end":{"line":166,"column":3}},"17":{"start":{"line":162,"column":48},"end":{"line":162,"column":52}},"18":{"start":{"line":165,"column":58},"end":{"line":165,"column":69}},"19":{"start":{"line":168,"column":2},"end":{"line":168,"column":36}},"20":{"start":{"line":169,"column":2},"end":{"line":169,"column":31}},"21":{"start":{"line":170,"column":2},"end":{"line":170,"column":56}},"22":{"start":{"line":171,"column":2},"end":{"line":171,"column":20}},"23":{"start":{"line":174,"column":29},"end":{"line":196,"column":1}},"24":{"start":{"line":175,"column":16},"end":{"line":177,"column":3}},"25":{"start":{"line":176,"column":17},"end":{"line":176,"column":44}},"26":{"start":{"line":178,"column":2},"end":{"line":181,"column":3}},"27":{"start":{"line":179,"column":4},"end":{"line":179,"column":46}},"28":{"start":{"line":180,"column":4},"end":{"line":180,"column":16}},"29":{"start":{"line":183,"column":25},"end":{"line":190,"column":3}},"30":{"start":{"line":189,"column":58},"end":{"line":189,"column":69}},"31":{"start":{"line":192,"column":2},"end":{"line":192,"column":43}},"32":{"start":{"line":193,"column":2},"end":{"line":193,"column":31}},"33":{"start":{"line":194,"column":2},"end":{"line":194,"column":58}},"34":{"start":{"line":195,"column":2},"end":{"line":195,"column":24}},"35":{"start":{"line":198,"column":29},"end":{"line":211,"column":1}},"36":{"start":{"line":199,"column":16},"end":{"line":201,"column":3}},"37":{"start":{"line":200,"column":17},"end":{"line":200,"column":44}},"38":{"start":{"line":202,"column":2},"end":{"line":205,"column":3}},"39":{"start":{"line":203,"column":4},"end":{"line":203,"column":46}},"40":{"start":{"line":204,"column":4},"end":{"line":204,"column":17}},"41":{"start":{"line":207,"column":25},"end":{"line":207,"column":61}},"42":{"start":{"line":208,"column":2},"end":{"line":208,"column":31}},"43":{"start":{"line":209,"column":2},"end":{"line":209,"column":58}},"44":{"start":{"line":210,"column":2},"end":{"line":210,"column":14}},"45":{"start":{"line":214,"column":20},"end":{"line":214,"column":45}},"46":{"start":{"line":216,"column":35},"end":{"line":223,"column":1}},"47":{"start":{"line":217,"column":2},"end":{"line":222,"column":3}},"48":{"start":{"line":218,"column":4},"end":{"line":218,"column":72}},"49":{"start":{"line":219,"column":4},"end":{"line":219,"column":53}},"50":{"start":{"line":221,"column":4},"end":{"line":221,"column":60}},"51":{"start":{"line":225,"column":37},"end":{"line":237,"column":1}},"52":{"start":{"line":226,"column":2},"end":{"line":235,"column":3}},"53":{"start":{"line":227,"column":19},"end":{"line":227,"column":52}},"54":{"start":{"line":228,"column":4},"end":{"line":232,"column":5}},"55":{"start":{"line":229,"column":25},"end":{"line":229,"column":43}},"56":{"start":{"line":230,"column":6},"end":{"line":230,"column":80}},"57":{"start":{"line":231,"column":6},"end":{"line":231,"column":24}},"58":{"start":{"line":234,"column":4},"end":{"line":234,"column":63}},"59":{"start":{"line":236,"column":2},"end":{"line":236,"column":14}},"60":{"start":{"line":240,"column":23},"end":{"line":240,"column":25}},"61":{"start":{"line":242,"column":27},"end":{"line":251,"column":1}},"62":{"start":{"line":243,"column":25},"end":{"line":243,"column":55}},"63":{"start":{"line":244,"column":2},"end":{"line":250,"column":3}},"64":{"start":{"line":245,"column":4},"end":{"line":245,"column":38}},"65":{"start":{"line":246,"column":4},"end":{"line":246,"column":61}},"66":{"start":{"line":248,"column":4},"end":{"line":248,"column":53}},"67":{"start":{"line":249,"column":4},"end":{"line":249,"column":57}},"68":{"start":{"line":254,"column":31},"end":{"line":257,"column":1}},"69":{"start":{"line":255,"column":2},"end":{"line":255,"column":23}},"70":{"start":{"line":256,"column":2},"end":{"line":256,"column":26}},"71":{"start":{"line":260,"column":29},"end":{"line":265,"column":1}},"72":{"start":{"line":261,"column":2},"end":{"line":261,"column":39}},"73":{"start":{"line":262,"column":2},"end":{"line":262,"column":51}},"74":{"start":{"line":263,"column":2},"end":{"line":263,"column":53}},"75":{"start":{"line":264,"column":2},"end":{"line":264,"column":26}},"76":{"start":{"line":268,"column":0},"end":{"line":268,"column":21}}},"fnMap":{"0":{"name":"(anonymous_0)","decl":{"start":{"line":134,"column":30},"end":{"line":134,"column":31}},"loc":{"start":{"line":134,"column":36},"end":{"line":136,"column":1}},"line":134},"1":{"name":"(anonymous_1)","decl":{"start":{"line":139,"column":30},"end":{"line":139,"column":31}},"loc":{"start":{"line":139,"column":38},"end":{"line":141,"column":1}},"line":139},"2":{"name":"(anonymous_2)","decl":{"start":{"line":140,"column":31},"end":{"line":140,"column":32}},"loc":{"start":{"line":140,"column":44},"end":{"line":140,"column":61}},"line":140},"3":{"name":"(anonymous_3)","decl":{"start":{"line":144,"column":35},"end":{"line":144,"column":36}},"loc":{"start":{"line":144,"column":41},"end":{"line":146,"column":1}},"line":144},"4":{"name":"(anonymous_4)","decl":{"start":{"line":145,"column":33},"end":{"line":145,"column":34}},"loc":{"start":{"line":145,"column":46},"end":{"line":145,"column":62}},"line":145},"5":{"name":"(anonymous_5)","decl":{"start":{"line":149,"column":37},"end":{"line":149,"column":38}},"loc":{"start":{"line":149,"column":51},"end":{"line":151,"column":1}},"line":149},"6":{"name":"(anonymous_6)","decl":{"start":{"line":150,"column":33},"end":{"line":150,"column":34}},"loc":{"start":{"line":150,"column":46},"end":{"line":150,"column":75}},"line":150},"7":{"name":"(anonymous_7)","decl":{"start":{"line":154,"column":35},"end":{"line":154,"column":36}},"loc":{"start":{"line":154,"column":47},"end":{"line":156,"column":1}},"line":154},"8":{"name":"(anonymous_8)","decl":{"start":{"line":155,"column":33},"end":{"line":155,"column":34}},"loc":{"start":{"line":155,"column":46},"end":{"line":155,"column":71}},"line":155},"9":{"name":"(anonymous_9)","decl":{"start":{"line":159,"column":26},"end":{"line":159,"column":27}},"loc":{"start":{"line":159,"column":43},"end":{"line":172,"column":1}},"line":159},"10":{"name":"(anonymous_10)","decl":{"start":{"line":162,"column":41},"end":{"line":162,"column":42}},"loc":{"start":{"line":162,"column":48},"end":{"line":162,"column":52}},"line":162},"11":{"name":"(anonymous_11)","decl":{"start":{"line":165,"column":48},"end":{"line":165,"column":49}},"loc":{"start":{"line":165,"column":58},"end":{"line":165,"column":69}},"line":165},"12":{"name":"(anonymous_12)","decl":{"start":{"line":174,"column":29},"end":{"line":174,"column":30}},"loc":{"start":{"line":174,"column":50},"end":{"line":196,"column":1}},"line":174},"13":{"name":"(anonymous_13)","decl":{"start":{"line":176,"column":4},"end":{"line":176,"column":5}},"loc":{"start":{"line":176,"column":17},"end":{"line":176,"column":44}},"line":176},"14":{"name":"(anonymous_14)","decl":{"start":{"line":189,"column":48},"end":{"line":189,"column":49}},"loc":{"start":{"line":189,"column":58},"end":{"line":189,"column":69}},"line":189},"15":{"name":"(anonymous_15)","decl":{"start":{"line":198,"column":29},"end":{"line":198,"column":30}},"loc":{"start":{"line":198,"column":37},"end":{"line":211,"column":1}},"line":198},"16":{"name":"(anonymous_16)","decl":{"start":{"line":200,"column":4},"end":{"line":200,"column":5}},"loc":{"start":{"line":200,"column":17},"end":{"line":200,"column":44}},"line":200},"17":{"name":"(anonymous_17)","decl":{"start":{"line":216,"column":35},"end":{"line":216,"column":36}},"loc":{"start":{"line":216,"column":41},"end":{"line":223,"column":1}},"line":216},"18":{"name":"(anonymous_18)","decl":{"start":{"line":225,"column":37},"end":{"line":225,"column":38}},"loc":{"start":{"line":225,"column":43},"end":{"line":237,"column":1}},"line":225},"19":{"name":"(anonymous_19)","decl":{"start":{"line":242,"column":27},"end":{"line":242,"column":28}},"loc":{"start":{"line":242,"column":33},"end":{"line":251,"column":1}},"line":242},"20":{"name":"(anonymous_20)","decl":{"start":{"line":254,"column":31},"end":{"line":254,"column":32}},"loc":{"start":{"line":254,"column":37},"end":{"line":257,"column":1}},"line":254},"21":{"name":"(anonymous_21)","decl":{"start":{"line":260,"column":29},"end":{"line":260,"column":30}},"loc":{"start":{"line":260,"column":35},"end":{"line":265,"column":1}},"line":260}},"branchMap":{"0":{"loc":{"start":{"line":163,"column":18},"end":{"line":165,"column":70}},"type":"cond-expr","locations":[{"start":{"line":164,"column":8},"end":{"line":164,"column":32}},{"start":{"line":165,"column":8},"end":{"line":165,"column":70}}],"line":163},"1":{"loc":{"start":{"line":178,"column":2},"end":{"line":181,"column":3}},"type":"if","locations":[{"start":{"line":178,"column":2},"end":{"line":181,"column":3}},{"start":{},"end":{}}],"line":178},"2":{"loc":{"start":{"line":187,"column":18},"end":{"line":189,"column":70}},"type":"cond-expr","locations":[{"start":{"line":188,"column":8},"end":{"line":188,"column":32}},{"start":{"line":189,"column":8},"end":{"line":189,"column":70}}],"line":187},"3":{"loc":{"start":{"line":202,"column":2},"end":{"line":205,"column":3}},"type":"if","locations":[{"start":{"line":202,"column":2},"end":{"line":205,"column":3}},{"start":{},"end":{}}],"line":202},"4":{"loc":{"start":{"line":228,"column":4},"end":{"line":232,"column":5}},"type":"if","locations":[{"start":{"line":228,"column":4},"end":{"line":232,"column":5}},{"start":{},"end":{}}],"line":228},"5":{"loc":{"start":{"line":244,"column":2},"end":{"line":250,"column":3}},"type":"if","locations":[{"start":{"line":244,"column":2},"end":{"line":250,"column":3}},{"start":{"line":247,"column":9},"end":{"line":250,"column":3}}],"line":244},"6":{"loc":{"start":{"line":244,"column":6},"end":{"line":244,"column":49}},"type":"binary-expr","locations":[{"start":{"line":244,"column":6},"end":{"line":244,"column":20}},{"start":{"line":244,"column":24},"end":{"line":244,"column":49}}],"line":244}},"s":{"0":1,"1":1,"2":0,"3":1,"4":0,"5":0,"6":1,"7":0,"8":0,"9":1,"10":0,"11":0,"12":1,"13":0,"14":0,"15":1,"16":0,"17":0,"18":0,"19":0,"20":0,"21":0,"22":0,"23":1,"24":0,"25":0,"26":0,"27":0,"28":0,"29":0,"30":0,"31":0,"32":0,"33":0,"34":0,"35":1,"36":0,"37":0,"38":0,"39":0,"40":0,"41":0,"42":0,"43":0,"44":0,"45":1,"46":1,"47":0,"48":0,"49":0,"50":0,"51":1,"52":11,"53":11,"54":11,"55":0,"56":0,"57":0,"58":0,"59":11,"60":1,"61":1,"62":11,"63":11,"64":0,"65":0,"66":11,"67":11,"68":1,"69":10,"70":10,"71":1,"72":0,"73":0,"74":0,"75":0,"76":1},"f":{"0":0,"1":0,"2":0,"3":0,"4":0,"5":0,"6":0,"7":0,"8":0,"9":0,"10":0,"11":0,"12":0,"13":0,"14":0,"15":0,"16":0,"17":0,"18":11,"19":11,"20":10,"21":0},"b":{"0":[0,0],"1":[0,0],"2":[0,0],"3":[0,0],"4":[0,11],"5":[0,11],"6":[11,0]},"_coverageSchema":"1a1c01bbd47fc00a2c39e90264f33305004495a9","hash":"5f54debf94ec23fa7390d98e8e902fb88e70d5c3"}
,"/Users/rvaidyas/Desktop/Code/projects/my-portfolio/my-portfolio/client/src/hooks/useApiData.js": {"path":"/Users/rvaidyas/Desktop/Code/projects/my-portfolio/my-portfolio/client/src/hooks/useApiData.js","statementMap":{"0":{"start":{"line":13,"column":26},"end":{"line":47,"column":1}},"1":{"start":{"line":14,"column":26},"end":{"line":14,"column":47}},"2":{"start":{"line":15,"column":32},"end":{"line":15,"column":46}},"3":{"start":{"line":16,"column":28},"end":{"line":16,"column":42}},"4":{"start":{"line":18,"column":20},"end":{"line":35,"column":3}},"5":{"start":{"line":19,"column":4},"end":{"line":34,"column":5}},"6":{"start":{"line":20,"column":6},"end":{"line":20,"column":23}},"7":{"start":{"line":21,"column":6},"end":{"line":21,"column":21}},"8":{"start":{"line":23,"column":21},"end":{"line":23,"column":36}},"9":{"start":{"line":25,"column":6},"end":{"line":29,"column":7}},"10":{"start":{"line":26,"column":8},"end":{"line":26,"column":29}},"11":{"start":{"line":28,"column":8},"end":{"line":28,"column":31}},"12":{"start":{"line":31,"column":6},"end":{"line":31,"column":62}},"13":{"start":{"line":33,"column":6},"end":{"line":33,"column":24}},"14":{"start":{"line":37,"column":2},"end":{"line":39,"column":19}},"15":{"start":{"line":38,"column":4},"end":{"line":38,"column":16}},"16":{"start":{"line":41,"column":2},"end":{"line":46,"column":4}},"17":{"start":{"line":52,"column":27},"end":{"line":66,"column":1}},"18":{"start":{"line":53,"column":46},"end":{"line":53,"column":60}},"19":{"start":{"line":55,"column":2},"end":{"line":59,"column":9}},"20":{"start":{"line":56,"column":4},"end":{"line":58,"column":7}},"21":{"start":{"line":57,"column":6},"end":{"line":57,"column":40}},"22":{"start":{"line":61,"column":2},"end":{"line":65,"column":4}},"23":{"start":{"line":62,"column":10},"end":{"line":62,"column":46}},"24":{"start":{"line":71,"column":25},"end":{"line":85,"column":1}},"25":{"start":{"line":72,"column":42},"end":{"line":72,"column":56}},"26":{"start":{"line":74,"column":2},"end":{"line":78,"column":9}},"27":{"start":{"line":75,"column":4},"end":{"line":77,"column":7}},"28":{"start":{"line":76,"column":6},"end":{"line":76,"column":38}},"29":{"start":{"line":80,"column":2},"end":{"line":84,"column":4}},"30":{"start":{"line":81,"column":10},"end":{"line":81,"column":42}},"31":{"start":{"line":90,"column":33},"end":{"line":121,"column":1}},"32":{"start":{"line":91,"column":32},"end":{"line":91,"column":47}},"33":{"start":{"line":92,"column":28},"end":{"line":92,"column":42}},"34":{"start":{"line":94,"column":18},"end":{"line":113,"column":3}},"35":{"start":{"line":95,"column":4},"end":{"line":112,"column":5}},"36":{"start":{"line":96,"column":6},"end":{"line":96,"column":23}},"37":{"start":{"line":97,"column":6},"end":{"line":97,"column":21}},"38":{"start":{"line":99,"column":21},"end":{"line":99,"column":38}},"39":{"start":{"line":101,"column":6},"end":{"line":103,"column":7}},"40":{"start":{"line":102,"column":8},"end":{"line":102,"column":31}},"41":{"start":{"line":105,"column":6},"end":{"line":105,"column":20}},"42":{"start":{"line":107,"column":27},"end":{"line":107,"column":72}},"43":{"start":{"line":108,"column":6},"end":{"line":108,"column":29}},"44":{"start":{"line":109,"column":6},"end":{"line":109,"column":53}},"45":{"start":{"line":111,"column":6},"end":{"line":111,"column":24}},"46":{"start":{"line":115,"column":2},"end":{"line":120,"column":4}},"47":{"start":{"line":119,"column":22},"end":{"line":119,"column":36}}},"fnMap":{"0":{"name":"(anonymous_0)","decl":{"start":{"line":13,"column":26},"end":{"line":13,"column":27}},"loc":{"start":{"line":13,"column":78},"end":{"line":47,"column":1}},"line":13},"1":{"name":"(anonymous_1)","decl":{"start":{"line":18,"column":20},"end":{"line":18,"column":21}},"loc":{"start":{"line":18,"column":32},"end":{"line":35,"column":3}},"line":18},"2":{"name":"(anonymous_2)","decl":{"start":{"line":37,"column":12},"end":{"line":37,"column":13}},"loc":{"start":{"line":37,"column":18},"end":{"line":39,"column":3}},"line":37},"3":{"name":"(anonymous_3)","decl":{"start":{"line":52,"column":27},"end":{"line":52,"column":28}},"loc":{"start":{"line":52,"column":45},"end":{"line":66,"column":1}},"line":52},"4":{"name":"(anonymous_4)","decl":{"start":{"line":55,"column":12},"end":{"line":55,"column":13}},"loc":{"start":{"line":55,"column":18},"end":{"line":59,"column":3}},"line":55},"5":{"name":"(anonymous_5)","decl":{"start":{"line":56,"column":46},"end":{"line":56,"column":47}},"loc":{"start":{"line":56,"column":58},"end":{"line":58,"column":5}},"line":56},"6":{"name":"(anonymous_6)","decl":{"start":{"line":62,"column":4},"end":{"line":62,"column":5}},"loc":{"start":{"line":62,"column":10},"end":{"line":62,"column":46}},"line":62},"7":{"name":"(anonymous_7)","decl":{"start":{"line":71,"column":25},"end":{"line":71,"column":26}},"loc":{"start":{"line":71,"column":43},"end":{"line":85,"column":1}},"line":71},"8":{"name":"(anonymous_8)","decl":{"start":{"line":74,"column":12},"end":{"line":74,"column":13}},"loc":{"start":{"line":74,"column":18},"end":{"line":78,"column":3}},"line":74},"9":{"name":"(anonymous_9)","decl":{"start":{"line":75,"column":44},"end":{"line":75,"column":45}},"loc":{"start":{"line":75,"column":56},"end":{"line":77,"column":5}},"line":75},"10":{"name":"(anonymous_10)","decl":{"start":{"line":81,"column":4},"end":{"line":81,"column":5}},"loc":{"start":{"line":81,"column":10},"end":{"line":81,"column":42}},"line":81},"11":{"name":"(anonymous_11)","decl":{"start":{"line":90,"column":33},"end":{"line":90,"column":34}},"loc":{"start":{"line":90,"column":39},"end":{"line":121,"column":1}},"line":90},"12":{"name":"(anonymous_12)","decl":{"start":{"line":94,"column":18},"end":{"line":94,"column":19}},"loc":{"start":{"line":94,"column":39},"end":{"line":113,"column":3}},"line":94},"13":{"name":"(anonymous_13)","decl":{"start":{"line":119,"column":16},"end":{"line":119,"column":17}},"loc":{"start":{"line":119,"column":22},"end":{"line":119,"column":36}},"line":119}},"branchMap":{"0":{"loc":{"start":{"line":13,"column":36},"end":{"line":13,"column":53}},"type":"default-arg","locations":[{"start":{"line":13,"column":51},"end":{"line":13,"column":53}}],"line":13},"1":{"loc":{"start":{"line":13,"column":55},"end":{"line":13,"column":73}},"type":"default-arg","locations":[{"start":{"line":13,"column":69},"end":{"line":13,"column":73}}],"line":13},"2":{"loc":{"start":{"line":25,"column":6},"end":{"line":29,"column":7}},"type":"if","locations":[{"start":{"line":25,"column":6},"end":{"line":29,"column":7}},{"start":{"line":27,"column":13},"end":{"line":29,"column":7}}],"line":25},"3":{"loc":{"start":{"line":31,"column":15},"end":{"line":31,"column":60}},"type":"binary-expr","locations":[{"start":{"line":31,"column":15},"end":{"line":31,"column":26}},{"start":{"line":31,"column":30},"end":{"line":31,"column":60}}],"line":31},"4":{"loc":{"start":{"line":52,"column":28},"end":{"line":52,"column":40}},"type":"default-arg","locations":[{"start":{"line":52,"column":38},"end":{"line":52,"column":40}}],"line":52},"5":{"loc":{"start":{"line":71,"column":26},"end":{"line":71,"column":38}},"type":"default-arg","locations":[{"start":{"line":71,"column":36},"end":{"line":71,"column":38}}],"line":71},"6":{"loc":{"start":{"line":101,"column":6},"end":{"line":103,"column":7}},"type":"if","locations":[{"start":{"line":101,"column":6},"end":{"line":103,"column":7}},{"start":{},"end":{}}],"line":101},"7":{"loc":{"start":{"line":107,"column":27},"end":{"line":107,"column":72}},"type":"binary-expr","locations":[{"start":{"line":107,"column":27},"end":{"line":107,"column":38}},{"start":{"line":107,"column":42},"end":{"line":107,"column":72}}],"line":107}},"s":{"0":1,"1":28,"2":28,"3":28,"4":28,"5":17,"6":17,"7":17,"8":17,"9":15,"10":7,"11":1,"12":9,"13":17,"14":28,"15":16,"16":28,"17":1,"18":8,"19":8,"20":3,"21":3,"22":8,"23":5,"24":1,"25":2,"26":2,"27":2,"28":2,"29":2,"30":2,"31":1,"32":15,"33":15,"34":15,"35":6,"36":6,"37":6,"38":6,"39":4,"40":2,"41":4,"42":2,"43":2,"44":2,"45":6,"46":15,"47":1},"f":{"0":28,"1":17,"2":16,"3":8,"4":3,"5":3,"6":5,"7":2,"8":2,"9":2,"10":2,"11":15,"12":6,"13":1},"b":{"0":[12],"1":[17],"2":[7,1],"3":[9,1],"4":[1],"5":[1],"6":[2,2],"7":[2,1]},"_coverageSchema":"1a1c01bbd47fc00a2c39e90264f33305004495a9","hash":"7202bb4bf91ca00b18ed2ec142db66db97b6a9ec"}
,"/Users/rvaidyas/Desktop/Code/projects/my-portfolio/my-portfolio/client/src/hooks/useTypingAnimation.js": {"path":"/Users/rvaidyas/Desktop/Code/projects/my-portfolio/my-portfolio/client/src/hooks/useTypingAnimation.js","statementMap":{"0":{"start":{"line":7,"column":34},"end":{"line":54,"column":1}},"1":{"start":{"line":12,"column":40},"end":{"line":12,"column":52}},"2":{"start":{"line":13,"column":42},"end":{"line":13,"column":53}},"3":{"start":{"line":14,"column":38},"end":{"line":14,"column":53}},"4":{"start":{"line":16,"column":2},"end":{"line":51,"column":5}},"5":{"start":{"line":19,"column":20},"end":{"line":39,"column":5}},"6":{"start":{"line":20,"column":26},"end":{"line":20,"column":49}},"7":{"start":{"line":22,"column":6},"end":{"line":38,"column":7}},"8":{"start":{"line":24,"column":8},"end":{"line":24,"column":73}},"9":{"start":{"line":26,"column":8},"end":{"line":29,"column":9}},"10":{"start":{"line":27,"column":10},"end":{"line":27,"column":31}},"11":{"start":{"line":28,"column":10},"end":{"line":28,"column":67}},"12":{"start":{"line":28,"column":36},"end":{"line":28,"column":65}},"13":{"start":{"line":32,"column":8},"end":{"line":32,"column":73}},"14":{"start":{"line":34,"column":8},"end":{"line":37,"column":9}},"15":{"start":{"line":35,"column":10},"end":{"line":35,"column":63}},"16":{"start":{"line":35,"column":27},"end":{"line":35,"column":46}},"17":{"start":{"line":36,"column":10},"end":{"line":36,"column":17}},"18":{"start":{"line":41,"column":4},"end":{"line":41,"column":78}},"19":{"start":{"line":43,"column":4},"end":{"line":43,"column":39}},"20":{"start":{"line":43,"column":17},"end":{"line":43,"column":38}},"21":{"start":{"line":53,"column":2},"end":{"line":53,"column":21}}},"fnMap":{"0":{"name":"(anonymous_0)","decl":{"start":{"line":7,"column":34},"end":{"line":7,"column":35}},"loc":{"start":{"line":11,"column":5},"end":{"line":54,"column":1}},"line":11},"1":{"name":"(anonymous_1)","decl":{"start":{"line":16,"column":12},"end":{"line":16,"column":13}},"loc":{"start":{"line":16,"column":18},"end":{"line":44,"column":3}},"line":16},"2":{"name":"(anonymous_2)","decl":{"start":{"line":19,"column":20},"end":{"line":19,"column":21}},"loc":{"start":{"line":19,"column":26},"end":{"line":39,"column":5}},"line":19},"3":{"name":"(anonymous_3)","decl":{"start":{"line":28,"column":26},"end":{"line":28,"column":27}},"loc":{"start":{"line":28,"column":36},"end":{"line":28,"column":65}},"line":28},"4":{"name":"(anonymous_4)","decl":{"start":{"line":35,"column":21},"end":{"line":35,"column":22}},"loc":{"start":{"line":35,"column":27},"end":{"line":35,"column":46}},"line":35},"5":{"name":"(anonymous_5)","decl":{"start":{"line":43,"column":11},"end":{"line":43,"column":12}},"loc":{"start":{"line":43,"column":17},"end":{"line":43,"column":38}},"line":43}},"branchMap":{"0":{"loc":{"start":{"line":9,"column":2},"end":{"line":9,"column":19}},"type":"default-arg","locations":[{"start":{"line":9,"column":16},"end":{"line":9,"column":19}}],"line":9},"1":{"loc":{"start":{"line":10,"column":2},"end":{"line":10,"column":22}},"type":"default-arg","locations":[{"start":{"line":10,"column":18},"end":{"line":10,"column":22}}],"line":10},"2":{"loc":{"start":{"line":22,"column":6},"end":{"line":38,"column":7}},"type":"if","locations":[{"start":{"line":22,"column":6},"end":{"line":38,"column":7}},{"start":{"line":30,"column":13},"end":{"line":38,"column":7}}],"line":22},"3":{"loc":{"start":{"line":26,"column":8},"end":{"line":29,"column":9}},"type":"if","locations":[{"start":{"line":26,"column":8},"end":{"line":29,"column":9}},{"start":{},"end":{}}],"line":26},"4":{"loc":{"start":{"line":34,"column":8},"end":{"line":37,"column":9}},"type":"if","locations":[{"start":{"line":34,"column":8},"end":{"line":37,"column":9}},{"start":{},"end":{}}],"line":34},"5":{"loc":{"start":{"line":41,"column":34},"end":{"line":41,"column":76}},"type":"cond-expr","locations":[{"start":{"line":41,"column":47},"end":{"line":41,"column":62}},{"start":{"line":41,"column":65},"end":{"line":41,"column":76}}],"line":41}},"s":{"0":1,"1":33,"2":33,"3":33,"4":33,"5":33,"6":27,"7":27,"8":0,"9":0,"10":0,"11":0,"12":0,"13":27,"14":27,"15":0,"16":0,"17":0,"18":33,"19":33,"20":33,"21":33},"f":{"0":33,"1":33,"2":27,"3":0,"4":0,"5":33},"b":{"0":[33],"1":[33],"2":[0,27],"3":[0,0],"4":[0,27],"5":[0,33]},"_coverageSchema":"1a1c01bbd47fc00a2c39e90264f33305004495a9","hash":"ceaca57f44dc124f86315acbd61bf42a9b40c935"}
,"/Users/rvaidyas/Desktop/Code/projects/my-portfolio/my-portfolio/client/src/pages/About.js": {"path":"/Users/rvaidyas/Desktop/Code/projects/my-portfolio/my-portfolio/client/src/pages/About.js","statementMap":{"0":{"start":{"line":5,"column":21},"end":{"line":5,"column":77}},"1":{"start":{"line":8,"column":29},"end":{"line":8,"column":41}},"2":{"start":{"line":9,"column":31},"end":{"line":9,"column":45}},"3":{"start":{"line":12,"column":24},"end":{"line":25,"column":2}},"4":{"start":{"line":28,"column":1},"end":{"line":52,"column":8}},"5":{"start":{"line":29,"column":22},"end":{"line":49,"column":3}},"6":{"start":{"line":30,"column":3},"end":{"line":48,"column":4}},"7":{"start":{"line":31,"column":4},"end":{"line":31,"column":21}},"8":{"start":{"line":32,"column":21},"end":{"line":32,"column":66}},"9":{"start":{"line":34,"column":4},"end":{"line":41,"column":5}},"10":{"start":{"line":36,"column":24},"end":{"line":36,"column":71}},"11":{"start":{"line":36,"column":60},"end":{"line":36,"column":70}},"12":{"start":{"line":37,"column":5},"end":{"line":37,"column":27}},"13":{"start":{"line":40,"column":5},"end":{"line":40,"column":31}},"14":{"start":{"line":43,"column":4},"end":{"line":43,"column":52}},"15":{"start":{"line":45,"column":4},"end":{"line":45,"column":30}},"16":{"start":{"line":47,"column":4},"end":{"line":47,"column":22}},"17":{"start":{"line":51,"column":2},"end":{"line":51,"column":16}},"18":{"start":{"line":54,"column":19},"end":{"line":61,"column":2}},"19":{"start":{"line":63,"column":20},"end":{"line":78,"column":2}},"20":{"start":{"line":80,"column":1},"end":{"line":205,"column":3}},"21":{"start":{"line":125,"column":9},"end":{"line":128,"column":11}},"22":{"start":{"line":131,"column":9},"end":{"line":140,"column":22}},"23":{"start":{"line":157,"column":7},"end":{"line":170,"column":13}},"24":{"start":{"line":186,"column":7},"end":{"line":199,"column":13}}},"fnMap":{"0":{"name":"About","decl":{"start":{"line":7,"column":24},"end":{"line":7,"column":29}},"loc":{"start":{"line":7,"column":32},"end":{"line":206,"column":1}},"line":7},"1":{"name":"(anonymous_1)","decl":{"start":{"line":28,"column":11},"end":{"line":28,"column":12}},"loc":{"start":{"line":28,"column":17},"end":{"line":52,"column":2}},"line":28},"2":{"name":"(anonymous_2)","decl":{"start":{"line":29,"column":22},"end":{"line":29,"column":23}},"loc":{"start":{"line":29,"column":34},"end":{"line":49,"column":3}},"line":29},"3":{"name":"(anonymous_3)","decl":{"start":{"line":36,"column":49},"end":{"line":36,"column":50}},"loc":{"start":{"line":36,"column":60},"end":{"line":36,"column":70}},"line":36},"4":{"name":"(anonymous_4)","decl":{"start":{"line":124,"column":35},"end":{"line":124,"column":36}},"loc":{"start":{"line":125,"column":9},"end":{"line":128,"column":11}},"line":125},"5":{"name":"(anonymous_5)","decl":{"start":{"line":130,"column":20},"end":{"line":130,"column":21}},"loc":{"start":{"line":131,"column":9},"end":{"line":140,"column":22}},"line":131},"6":{"name":"(anonymous_6)","decl":{"start":{"line":156,"column":22},"end":{"line":156,"column":23}},"loc":{"start":{"line":157,"column":7},"end":{"line":170,"column":13}},"line":157},"7":{"name":"(anonymous_7)","decl":{"start":{"line":185,"column":21},"end":{"line":185,"column":22}},"loc":{"start":{"line":186,"column":7},"end":{"line":199,"column":13}},"line":186}},"branchMap":{"0":{"loc":{"start":{"line":5,"column":21},"end":{"line":5,"column":77}},"type":"binary-expr","locations":[{"start":{"line":5,"column":21},"end":{"line":5,"column":50}},{"start":{"line":5,"column":54},"end":{"line":5,"column":77}}],"line":5},"1":{"loc":{"start":{"line":34,"column":4},"end":{"line":41,"column":5}},"type":"if","locations":[{"start":{"line":34,"column":4},"end":{"line":41,"column":5}},{"start":{"line":38,"column":11},"end":{"line":41,"column":5}}],"line":34},"2":{"loc":{"start":{"line":34,"column":8},"end":{"line":34,"column":63}},"type":"binary-expr","locations":[{"start":{"line":34,"column":8},"end":{"line":34,"column":28}},{"start":{"line":34,"column":32},"end":{"line":34,"column":63}}],"line":34},"3":{"loc":{"start":{"line":122,"column":7},"end":{"line":141,"column":10}},"type":"cond-expr","locations":[{"start":{"line":124,"column":8},"end":{"line":129,"column":10}},{"start":{"line":130,"column":9},"end":{"line":141,"column":10}}],"line":122}},"s":{"0":0,"1":0,"2":0,"3":0,"4":0,"5":0,"6":0,"7":0,"8":0,"9":0,"10":0,"11":0,"12":0,"13":0,"14":0,"15":0,"16":0,"17":0,"18":0,"19":0,"20":0,"21":0,"22":0,"23":0,"24":0},"f":{"0":0,"1":0,"2":0,"3":0,"4":0,"5":0,"6":0,"7":0},"b":{"0":[0,0],"1":[0,0],"2":[0,0],"3":[0,0]}}
,"/Users/rvaidyas/Desktop/Code/projects/my-portfolio/my-portfolio/client/src/pages/AdminBlog.js": {"path":"/Users/rvaidyas/Desktop/Code/projects/my-portfolio/my-portfolio/client/src/pages/AdminBlog.js","statementMap":{"0":{"start":{"line":6,"column":18},"end":{"line":487,"column":1}},"1":{"start":{"line":7,"column":27},"end":{"line":7,"column":39}},"2":{"start":{"line":8,"column":31},"end":{"line":8,"column":45}},"3":{"start":{"line":9,"column":35},"end":{"line":9,"column":50}},"4":{"start":{"line":10,"column":39},"end":{"line":10,"column":53}},"5":{"start":{"line":11,"column":37},"end":{"line":11,"column":49}},"6":{"start":{"line":12,"column":41},"end":{"line":12,"column":53}},"7":{"start":{"line":13,"column":33},"end":{"line":20,"column":3}},"8":{"start":{"line":22,"column":23},"end":{"line":22,"column":57}},"9":{"start":{"line":24,"column":1},"end":{"line":26,"column":8}},"10":{"start":{"line":25,"column":2},"end":{"line":25,"column":15}},"11":{"start":{"line":28,"column":20},"end":{"line":42,"column":2}},"12":{"start":{"line":29,"column":2},"end":{"line":41,"column":3}},"13":{"start":{"line":30,"column":20},"end":{"line":35,"column":5}},"14":{"start":{"line":36,"column":3},"end":{"line":36,"column":39}},"15":{"start":{"line":38,"column":3},"end":{"line":38,"column":49}},"16":{"start":{"line":40,"column":3},"end":{"line":40,"column":21}},"17":{"start":{"line":44,"column":1},"end":{"line":50,"column":32}},"18":{"start":{"line":45,"column":24},"end":{"line":47,"column":9}},"19":{"start":{"line":46,"column":3},"end":{"line":46,"column":16}},"20":{"start":{"line":49,"column":2},"end":{"line":49,"column":43}},"21":{"start":{"line":49,"column":15},"end":{"line":49,"column":42}},"22":{"start":{"line":52,"column":22},"end":{"line":74,"column":2}},"23":{"start":{"line":53,"column":2},"end":{"line":53,"column":21}},"24":{"start":{"line":54,"column":2},"end":{"line":73,"column":3}},"25":{"start":{"line":55,"column":20},"end":{"line":61,"column":4}},"26":{"start":{"line":59,"column":19},"end":{"line":59,"column":29}},"27":{"start":{"line":60,"column":22},"end":{"line":60,"column":25}},"28":{"start":{"line":63,"column":3},"end":{"line":67,"column":4}},"29":{"start":{"line":64,"column":4},"end":{"line":64,"column":64}},"30":{"start":{"line":66,"column":4},"end":{"line":66,"column":47}},"31":{"start":{"line":68,"column":3},"end":{"line":68,"column":16}},"32":{"start":{"line":69,"column":3},"end":{"line":69,"column":15}},"33":{"start":{"line":70,"column":3},"end":{"line":70,"column":23}},"34":{"start":{"line":72,"column":3},"end":{"line":72,"column":46}},"35":{"start":{"line":76,"column":22},"end":{"line":85,"column":2}},"36":{"start":{"line":77,"column":2},"end":{"line":84,"column":3}},"37":{"start":{"line":78,"column":3},"end":{"line":83,"column":4}},"38":{"start":{"line":79,"column":4},"end":{"line":79,"column":45}},"39":{"start":{"line":80,"column":4},"end":{"line":80,"column":17}},"40":{"start":{"line":82,"column":4},"end":{"line":82,"column":49}},"41":{"start":{"line":87,"column":20},"end":{"line":98,"column":2}},"42":{"start":{"line":88,"column":2},"end":{"line":88,"column":23}},"43":{"start":{"line":89,"column":2},"end":{"line":96,"column":5}},"44":{"start":{"line":97,"column":2},"end":{"line":97,"column":21}},"45":{"start":{"line":100,"column":19},"end":{"line":110,"column":2}},"46":{"start":{"line":101,"column":2},"end":{"line":108,"column":5}},"47":{"start":{"line":109,"column":2},"end":{"line":109,"column":23}},"48":{"start":{"line":112,"column":24},"end":{"line":121,"column":2}},"49":{"start":{"line":113,"column":2},"end":{"line":120,"column":3}},"50":{"start":{"line":115,"column":4},"end":{"line":115,"column":44}},"51":{"start":{"line":117,"column":4},"end":{"line":117,"column":39}},"52":{"start":{"line":119,"column":4},"end":{"line":119,"column":46}},"53":{"start":{"line":123,"column":20},"end":{"line":129,"column":2}},"54":{"start":{"line":124,"column":2},"end":{"line":128,"column":5}},"55":{"start":{"line":131,"column":1},"end":{"line":139,"column":2}},"56":{"start":{"line":132,"column":2},"end":{"line":138,"column":4}},"57":{"start":{"line":141,"column":1},"end":{"line":486,"column":3}},"58":{"start":{"line":156,"column":7},"end":{"line":156,"column":19}},"59":{"start":{"line":157,"column":7},"end":{"line":157,"column":26}},"60":{"start":{"line":182,"column":25},"end":{"line":182,"column":54}},"61":{"start":{"line":196,"column":25},"end":{"line":196,"column":56}},"62":{"start":{"line":201,"column":9},"end":{"line":203,"column":18}},"63":{"start":{"line":214,"column":7},"end":{"line":288,"column":20}},"64":{"start":{"line":253,"column":15},"end":{"line":258,"column":22}},"65":{"start":{"line":273,"column":26},"end":{"line":273,"column":42}},"66":{"start":{"line":280,"column":26},"end":{"line":280,"column":47}},"67":{"start":{"line":306,"column":8},"end":{"line":306,"column":20}},"68":{"start":{"line":307,"column":8},"end":{"line":307,"column":27}},"69":{"start":{"line":325,"colum
[...]
30,"column":2},"end":{"line":37,"column":4}},"6":{"start":{"line":31,"column":18},"end":{"line":34,"column":5}},"7":{"start":{"line":32,"column":6},"end":{"line":32,"column":28}},"8":{"start":{"line":33,"column":6},"end":{"line":33,"column":20}},"9":{"start":{"line":35,"column":4},"end":{"line":35,"column":26}},"10":{"start":{"line":36,"column":4},"end":{"line":36,"column":38}},"11":{"start":{"line":44,"column":28},"end":{"line":47,"column":1}},"12":{"start":{"line":45,"column":21},"end":{"line":45,"column":49}},"13":{"start":{"line":46,"column":2},"end":{"line":46,"column":32}},"14":{"start":{"line":53,"column":28},"end":{"line":57,"column":1}},"15":{"start":{"line":54,"column":14},"end":{"line":54,"column":43}},"16":{"start":{"line":55,"column":2},"end":{"line":55,"column":25}},"17":{"start":{"line":56,"column":2},"end":{"line":56,"column":23}},"18":{"start":{"line":62,"column":26},"end":{"line":64,"column":1}},"19":{"start":{"line":63,"column":2},"end":{"line":63,"column":75}},"20":{"start":{"line":70,"column":25},"end":{"line":72,"column":1}},"21":{"start":{"line":71,"column":2},"end":{"line":71,"column":41}},"22":{"start":{"line":78,"column":26},"end":{"line":80,"column":1}},"23":{"start":{"line":79,"column":2},"end":{"line":79,"column":52}},"24":{"start":{"line":87,"column":35},"end":{"line":95,"column":1}},"25":{"start":{"line":88,"column":2},"end":{"line":88,"column":36}},"26":{"start":{"line":88,"column":26},"end":{"line":88,"column":36}},"27":{"start":{"line":89,"column":2},"end":{"line":89,"column":42}},"28":{"start":{"line":89,"column":26},"end":{"line":89,"column":42}},"29":{"start":{"line":90,"column":2},"end":{"line":90,"column":74}},"30":{"start":{"line":90,"column":26},"end":{"line":90,"column":74}},"31":{"start":{"line":92,"column":19},"end":{"line":92,"column":42}},"32":{"start":{"line":93,"column":21},"end":{"line":93,"column":50}},"33":{"start":{"line":94,"column":2},"end":{"line":94,"column":53}}},"fnMap":{"0":{"name":"(anonymous_0)","decl":{"start":{"line":11,"column":26},"end":{"line":11,"column":27}},"loc":{"start":{"line":11,"column":56},"end":{"line":21,"column":1}},"line":11},"1":{"name":"(anonymous_1)","decl":{"start":{"line":28,"column":24},"end":{"line":28,"column":25}},"loc":{"start":{"line":28,"column":40},"end":{"line":38,"column":1}},"line":28},"2":{"name":"executedFunction","decl":{"start":{"line":30,"column":18},"end":{"line":30,"column":34}},"loc":{"start":{"line":30,"column":44},"end":{"line":37,"column":3}},"line":30},"3":{"name":"(anonymous_3)","decl":{"start":{"line":31,"column":18},"end":{"line":31,"column":19}},"loc":{"start":{"line":31,"column":24},"end":{"line":34,"column":5}},"line":31},"4":{"name":"(anonymous_4)","decl":{"start":{"line":44,"column":28},"end":{"line":44,"column":29}},"loc":{"start":{"line":44,"column":39},"end":{"line":47,"column":1}},"line":44},"5":{"name":"(anonymous_5)","decl":{"start":{"line":53,"column":28},"end":{"line":53,"column":29}},"loc":{"start":{"line":53,"column":38},"end":{"line":57,"column":1}},"line":53},"6":{"name":"(anonymous_6)","decl":{"start":{"line":62,"column":26},"end":{"line":62,"column":27}},"loc":{"start":{"line":62,"column":32},"end":{"line":64,"column":1}},"line":62},"7":{"name":"(anonymous_7)","decl":{"start":{"line":70,"column":25},"end":{"line":70,"column":26}},"loc":{"start":{"line":70,"column":34},"end":{"line":72,"column":1}},"line":70},"8":{"name":"(anonymous_8)","decl":{"start":{"line":78,"column":26},"end":{"line":78,"column":27}},"loc":{"start":{"line":78,"column":35},"end":{"line":80,"column":1}},"line":78},"9":{"name":"(anonymous_9)","decl":{"start":{"line":87,"column":35},"end":{"line":87,"column":36}},"loc":{"start":{"line":87,"column":67},"end":{"line":95,"column":1}},"line":87}},"branchMap":{"0":{"loc":{"start":{"line":11,"column":39},"end":{"line":11,"column":51}},"type":"default-arg","locations":[{"start":{"line":11,"column":49},"end":{"line":11,"column":51}}],"line":11},"1":{"loc":{"start":{"line":87,"column":43},"end":{"line":87,"column":62}},"type":"default-arg","locations":[{"start":{"line":87,"column":57},"end":{"line":87,"column":62}}],"line":87},"2":{"loc":{"start":{"line":88,"column":2},"end":{"line":88,"column":36}},"type":"if","locations":[{"start":{"line":88,"column":2},"end":{"line":88,"column":36}},{"start":{},"end":{}}],"line":88},"3":{"loc":{"start":{"line":89,"column":2},"end":{"line":89,"column":42}},"type":"if","locations":[{"start":{"line":89,"column":2},"end":{"line":89,"column":42}},{"start":{},"end":{}}],"line":89},"4":{"loc":{"start":{"line":90,"column":2},"end":{"line":90,"column":74}},"type":"if","locations":[{"start":{"line":90,"column":2},"end":{"line":90,"column":74}},{"start":{},"end":{}}],"line":90}},"s":{"0":1,"1":4,"2":4,"3":4,"4":1,"5":3,"6":6,"7":3,"8":3,"9":6,"10":6,"11":1,"12":10,"13":10,"14":1,"15":2,"16":2,"17":2,"18":1,"19":3,"20":1,"21":5,"22":1,"23":9,"24":1,"25":7,"26":1,"27":6,"28":1,"29":5,"30":2,"31":3,"32":3,"33":3},"f":{"0":4,"1":3,"2":6,"3":3,"4":10,"5":2,"6":3,"7":5,"8":9,"9":7},"b":{"0":[3],"1":[5],"2":[1,6],"3":[1,5],"4":[2,3]},"_coverageSchema":"1a1c01bbd47fc00a2c39e90264f33305004495a9","hash":"025d440f5de6927c68e349726c0e883165438c12"}
,"/Users/rvaidyas/Desktop/Code/projects/my-portfolio/my-portfolio/client/src/utils/logger.js": {"path":"/Users/rvaidyas/Desktop/Code/projects/my-portfolio/my-portfolio/client/src/utils/logger.js","statementMap":{"0":{"start":{"line":7,"column":4},"end":{"line":7,"column":27}},"1":{"start":{"line":8,"column":4},"end":{"line":8,"column":64}},"2":{"start":{"line":12,"column":22},"end":{"line":12,"column":46}},"3":{"start":{"line":13,"column":19},"end":{"line":13,"column":78}},"4":{"start":{"line":14,"column":4},"end":{"line":14,"column":34}},"5":{"start":{"line":18,"column":4},"end":{"line":24,"column":5}},"6":{"start":{"line":19,"column":6},"end":{"line":23,"column":7}},"7":{"start":{"line":20,"column":8},"end":{"line":20,"column":64}},"8":{"start":{"line":22,"column":8},"end":{"line":22,"column":58}},"9":{"start":{"line":28,"column":4},"end":{"line":32,"column":5}},"10":{"start":{"line":29,"column":6},"end":{"line":29,"column":62}},"11":{"start":{"line":31,"column":6},"end":{"line":31,"column":56}},"12":{"start":{"line":36,"column":22},"end":{"line":42,"column":12}},"13":{"start":{"line":44,"column":4},"end":{"line":44,"column":67}},"14":{"start":{"line":47,"column":4},"end":{"line":50,"column":5}},"15":{"start":{"line":54,"column":4},"end":{"line":60,"column":5}},"16":{"start":{"line":55,"column":6},"end":{"line":59,"column":7}},"17":{"start":{"line":56,"column":8},"end":{"line":56,"column":66}},"18":{"start":{"line":58,"column":8},"end":{"line":58,"column":60}},"19":{"start":{"line":65,"column":25},"end":{"line":65,"column":42}},"20":{"start":{"line":66,"column":24},"end":{"line":66,"column":40}},"21":{"start":{"line":67,"column":26},"end":{"line":67,"column":44}}},"fnMap":{"0":{"name":"(anonymous_0)","decl":{"start":{"line":6,"column":2},"end":{"line":6,"column":3}},"loc":{"start":{"line":6,"column":31},"end":{"line":9,"column":3}},"line":6},"1":{"name":"(anonymous_1)","decl":{"start":{"line":11,"column":2},"end":{"line":11,"column":3}},"loc":{"start":{"line":11,"column":32},"end":{"line":15,"column":3}},"line":11},"2":{"name":"(anonymous_2)","decl":{"start":{"line":17,"column":2},"end":{"line":17,"column":3}},"loc":{"start":{"line":17,"column":29},"end":{"line":25,"column":3}},"line":17},"3":{"name":"(anonymous_3)","decl":{"start":{"line":27,"column":2},"end":{"line":27,"column":3}},"loc":{"start":{"line":27,"column":29},"end":{"line":33,"column":3}},"line":27},"4":{"name":"(anonymous_4)","decl":{"start":{"line":35,"column":2},"end":{"line":35,"column":3}},"loc":{"start":{"line":35,"column":31},"end":{"line":51,"column":3}},"line":35},"5":{"name":"(anonymous_5)","decl":{"start":{"line":53,"column":2},"end":{"line":53,"column":3}},"loc":{"start":{"line":53,"column":30},"end":{"line":61,"column":3}},"line":53}},"branchMap":{"0":{"loc":{"start":{"line":6,"column":14},"end":{"line":6,"column":29}},"type":"default-arg","locations":[{"start":{"line":6,"column":24},"end":{"line":6,"column":29}}],"line":6},"1":{"loc":{"start":{"line":17,"column":16},"end":{"line":17,"column":27}},"type":"default-arg","locations":[{"start":{"line":17,"column":23},"end":{"line":17,"column":27}}],"line":17},"2":{"loc":{"start":{"line":18,"column":4},"end":{"line":24,"column":5}},"type":"if","locations":[{"start":{"line":18,"column":4},"end":{"line":24,"column":5}},{"start":{},"end":{}}],"line":18},"3":{"loc":{"start":{"line":19,"column":6},"end":{"line":23,"column":7}},"type":"if","locations":[{"start":{"line":19,"column":6},"end":{"line":23,"column":7}},{"start":{"line":21,"column":13},"end":{"line":23,"column":7}}],"line":19},"4":{"loc":{"start":{"line":27,"column":16},"end":{"line":27,"column":27}},"type":"default-arg","locations":[{"start":{"line":27,"column":23},"end":{"line":27,"column":27}}],"line":27},"5":{"loc":{"start":{"line":28,"column":4},"end":{"line":32,"column":5}},"type":"if","locations":[{"start":{"line":28,"column":4},"end":{"line":32,"column":5}},{"start":{"line":30,"column":11},"end":{"line":32,"column":5}}],"line":28},"6":{"loc":{"start":{"line":35,"column":17},"end":{"line":35,"column":29}},"type":"default-arg","locations":[{"start":{"line":35,"column":25},"end":{"line":35,"column":29}}],"line":35},"7":{"loc":{"start":{"line":36,"column":22},"end":{"line":42,"column":12}},"type":"cond-expr","locations":[{"start":{"line":37,"column":8},"end":{"line":41,"column":9}},{"start":{"line":42,"column":8},"end":{"line":42,"column":12}}],"line":36},"8":{"loc":{"start":{"line":40,"column":14},"end":{"line":40,"column":65}},"type":"binary-expr","locations":[{"start":{"line":40,"column":14},"end":{"line":40,"column":28}},{"start":{"line":40,"column":32},"end":{"line":40,"column":65}}],"line":40},"9":{"loc":{"start":{"line":47,"column":4},"end":{"line":50,"column":5}},"type":"if","locations":[{"start":{"line":47,"column":4},"end":{"line":50,"column":5}},{"start":{},"end":{}}],"line":47},"10":{"loc":{"start":{"line":47,"column":8},"end":{"line":47,"column":60}},"type":"binary-expr","locations":[{"start":{"line":47,"column":8},"end":{"line":47,"column":27}},{"start":{"line":47,"column":31},"end":{"line":47,"column":60}}],"line":47},"11":{"loc":{"start":{"line":53,"column":17},"end":{"line":53,"column":28}},"type":"default-arg","locations":[{"start":{"line":53,"column":24},"end":{"line":53,"column":28}}],"line":53},"12":{"loc":{"start":{"line":54,"column":4},"end":{"line":60,"column":5}},"type":"if","locations":[{"start":{"line":54,"column":4},"end":{"line":60,"column":5}},{"start":{},"end":{}}],"line":54},"13":{"loc":{"start":{"line":55,"column":6},"end":{"line":59,"column":7}},"type":"if","locations":[{"start":{"line":55,"column":6},"end":{"line":59,"column":7}},{"start":{"line":57,"column":13},"end":{"line":59,"column":7}}],"line":55}},"s":{"0":0,"1":0,"2":0,"3":0,"4":0,"5":0,"6":0,"7":0,"8":0,"9":0,"10":0,"11":0,"12":0,"13":0,"14":0,"15":0,"16":0,"17":0,"18":0,"19":0,"20":0,"21":0},"f":{"0":0,"1":0,"2":0,"3":0,"4":0,"5":0},"b":{"0":[0],"1":[0],"2":[0,0],"3":[0,0],"4":[0],"5":[0,0],"6":[0],"7":[0,0],"8":[0,0],"9":[0,0],"10":[0,0],"11":[0],"12":[0,0],"13":[0,0]}}
,"/Users/rvaidyas/Desktop/Code/projects/my-portfolio/my-portfolio/client/src/utils/validation.js": {"path":"/Users/rvaidyas/Desktop/Code/projects/my-portfolio/my-portfolio/client/src/utils/validation.js","statementMap":{"0":{"start":{"line":7,"column":4},"end":{"line":7,"column":19}},"1":{"start":{"line":8,"column":4},"end":{"line":8,"column":34}},"2":{"start":{"line":9,"column":4},"end":{"line":9,"column":23}},"3":{"start":{"line":13,"column":26},"end":{"line":69,"column":1}},"4":{"start":{"line":15,"column":4},"end":{"line":17,"column":5}},"5":{"start":{"line":16,"column":6},"end":{"line":16,"column":71}},"6":{"start":{"line":18,"column":4},"end":{"line":18,"column":16}},"7":{"start":{"line":22,"column":23},"end":{"line":22,"column":51}},"8":{"start":{"line":23,"column":4},"end":{"line":28,"column":5}},"9":{"start":{"line":24,"column":6},"end":{"line":27,"column":8}},"10":{"start":{"line":29,"column":4},"end":{"line":29,"column":16}},"11":{"start":{"line":32,"column":28},"end":{"line":40,"column":3}},"12":{"start":{"line":33,"column":4},"end":{"line":38,"column":5}},"13":{"start":{"line":34,"column":6},"end":{"line":37,"column":8}},"14":{"start":{"line":39,"column":4},"end":{"line":39,"column":16}},"15":{"start":{"line":42,"column":28},"end":{"line":50,"column":3}},"16":{"start":{"line":43,"column":4},"end":{"line":48,"column":5}},"17":{"start":{"line":44,"column":6},"end":{"line":47,"column":8}},"18":{"start":{"line":49,"column":4},"end":{"line":49,"column":16}},"19":{"start":{"line":53,"column":4},"end":{"line":60,"column":5}},"20":{"start":{"line":54,"column":6},"end":{"line":56,"column":7}},"21":{"start":{"line":55,"column":8},"end":{"line":55,"column":23}},"22":{"start":{"line":57,"column":6},"end":{"line":57,"column":18}},"23":{"start":{"line":59,"column":6},"end":{"line":59,"column":79}},"24":{"start":{"line":64,"column":4},"end":{"line":66,"column":5}},"25":{"start":{"line":65,"column":6},"end":{"line":65,"column":76}},"26":{"start":{"line":67,"column":4},"end":{"line":67,"column":16}},"27":{"start":{"line":73,"column":4},"end":{"line":73,"column":25}},"28":{"start":{"line":77,"column":19},"end":{"line":77,"column":21}},"29":{"start":{"line":78,"column":18},"end":{"line":78,"column":22}},"30":{"start":{"line":80,"column":4},"end":{"line":95,"column":5}},"31":{"start":{"line":81,"column":6},"end":{"line":94,"column":7}},"32":{"start":{"line":82,"column":22},"end":{"line":82,"column":33}},"33":{"start":{"line":84,"column":8},"end":{"line":86,"column":9}},"34":{"start":{"line":85,"column":10},"end":{"line":85,"column":29}},"35":{"start":{"line":88,"column":8},"end":{"line":93,"column":9}},"36":{"start":{"line":89,"column":10},"end":{"line":89,"column":40}},"37":{"start":{"line":90,"column":10},"end":{"line":90,"column":26}},"38":{"start":{"line":92,"column":10},"end":{"line":92,"column":22}},"39":{"start":{"line":97,"column":4},"end":{"line":100,"column":6}},"40":{"start":{"line":105,"column":23},"end":{"line":154,"column":1}}},"fnMap":{"0":{"name":"(anonymous_0)","decl":{"start":{"line":6,"column":2},"end":{"line":6,"column":3}},"loc":{"start":{"line":6,"column":30},"end":{"line":10,"column":3}},"line":6},"1":{"name":"(anonymous_1)","decl":{"start":{"line":14,"column":12},"end":{"line":14,"column":13}},"loc":{"start":{"line":14,"column":34},"end":{"line":19,"column":3}},"line":14},"2":{"name":"(anonymous_2)","decl":{"start":{"line":21,"column":9},"end":{"line":21,"column":10}},"loc":{"start":{"line":21,"column":41},"end":{"line":30,"column":3}},"line":21},"3":{"name":"(anonymous_3)","decl":{"start":{"line":32,"column":13},"end":{"line":32,"column":14}},"loc":{"start":{"line":32,"column":28},"end":{"line":40,"column":3}},"line":32},"4":{"name":"(anonymous_4)","decl":{"start":{"line":32,"column":28},"end":{"line":32,"column":29}},"loc":{"start":{"line":32,"column":50},"end":{"line":40,"column":3}},"line":32},"5":{"name":"(anonymous_5)","decl":{"start":{"line":42,"column":13},"end":{"line":42,"column":14}},"loc":{"start":{"line":42,"column":28},"end":{"line":50,"column":3}},"line":42},"6":{"name":"(anonymous_6)","decl":{"start":{"line":42,"column":28},"end":{"line":42,"column":29}},"loc":{"start":{"line":42,"column":50},"end":{"line":50,"column":3}},"line":42},"7":{"name":"(anonymous_7)","decl":{"start":{"line":52,"column":7},"end":{"line":52,"column":8}},"loc":{"start":{"line":52,"column":37},"end":{"line":61,"column":3}},"line":52},"8":{"name":"(anonymous_8)","decl":{"start":{"line":63,"column":9},"end":{"line":63,"column":10}},"loc":{"start":{"line":63,"column":41},"end":{"line":68,"column":3}},"line":63},"9":{"name":"(anonymous_9)","decl":{"start":{"line":72,"column":2},"end":{"line":72,"column":3}},"loc":{"start":{"line":72,"column":22},"end":{"line":74,"column":3}},"line":72},"10":{"name":"(anonymous_10)","decl":{"start":{"line":76,"column":2},"end":{"line":76,"column":3}},"loc":{"start":{"line":76,"column":17},"end":{"line":101,"column":3}},"line":76}},"branchMap":{"0":{"loc":{"start":{"line":15,"column":4},"end":{"line":17,"column":5}},"type":"if","locations":[{"start":{"line":15,"column":4},"end":{"line":17,"column":5}},{"start":{},"end":{}}],"line":15},"1":{"loc":{"start":{"line":15,"column":8},"end":{"line":15,"column":68}},"type":"binary-expr","locations":[{"start":{"line":15,"column":8},"end":{"line":15,"column":14}},{"start":{"line":15,"column":19},"end":{"line":15,"column":44}},{"start":{"line":15,"column":48},"end":{"line":15,"column":67}}],"line":15},"2":{"loc":{"start":{"line":21,"column":17},"end":{"line":21,"column":36}},"type":"default-arg","locations":[{"start":{"line":21,"column":29},"end":{"line":21,"column":36}}],"line":21},"3":{"loc":{"start":{"line":23,"column":4},"end":{"line":28,"column":5}},"type":"if","locations":[{"start":{"line":23,"column":4},"end":{"line":28,"column":5}},{"start":{},"end":{}}],"line":23},"4":{"loc":{"start":{"line":23,"column":8},"end":{"line":23,"column":40}},"type":"binary-expr","locations":[{"start":{"line":23,"column":8},"end":{"line":23,"column":13}},{"start":{"line":23,"column":17},"end":{"line":23,"column":40}}],"line":23},"5":{"loc":{"start":{"line":33,"column":4},"end":{"line":38,"column":5}},"type":"if","locations":[{"start":{"line":33,"column":4},"end":{"line":38,"column":5}},{"start":{},"end":{}}],"line":33},"6":{"loc":{"start":{"line":33,"column":8},"end":{"line":33,"column":41}},"type":"binary-expr","locations":[{"start":{"line":33,"column":8},"end":{"line":33,"column":13}},{"start":{"line":33,"column":17},"end":{"line":33,"column":41}}],"line":33},"7":{"loc":{"start":{"line":43,"column":4},"end":{"line":48,"column":5}},"type":"if","locations":[{"start":{"line":43,"column":4},"end":{"line":48,"column":5}},{"start":{},"end":{}}],"line":43},"8":{"loc":{"start":{"line":43,"column":8},"end":{"line":43,"column":41}},"type":"binary-expr","locations":[{"start":{"line":43,"column":8},"end":{"line":43,"column":13}},{"start":{"line":43,"column":17},"end":{"line":43,"column":41}}],"line":43},"9":{"loc":{"start":{"line":52,"column":15},"end":{"line":52,"column":32}},"type":"default-arg","locations":[{"start":{"line":52,"column":27},"end":{"line":52,"column":32}}],"line":52},"10":{"loc":{"start":{"line":54,"column":6},"end":{"line":56,"column":7}},"type":"if","locations":[{"start":{"line":54,"column":6},"end":{"line":56,"column":7}},{"start":{},"end":{}}],"line":54},"11":{"loc":{"start":{"line":63,"column":17},"end":{"line":63,"column":36}},"type":"default-arg","locations":[{"start":{"line":63,"column":29},"end":{"line":63,"column":36}}],"line":63},"12":{"loc":{"start":{"line":64,"column":4},"end":{"line":66,"column":5}},"type":"if","locations":[{"start":{"line":64,"column":4},"end":{"line":66,"column":5}},{"start":{},"end":{}}],"line":64},"13":{"loc":{"start":{"line":64,"column":8},"end":{"line":64,"column":38}},"type":"binary-expr","locations":[{"start":{"line":64,"column":8},"end":{"line":64,"column":13}},{"start":{"line":64,"column":17},"end":{"line":64,"column":38}}],"line":64},"14":{"loc":{"start":{"line":88,"column":8},"end":{"line":93,"column":9}},"type":"if","locations":[{"start":{"line":88,"column":8},"end":{"line":93,"column":9}},{"start":{"line":91,"column":15},"end":{"line":93,"column":9}}],"line":88}},"s":{"0":0,"1":0,"2":0,"3":0,"4":0,"5":0,"6":0,"7":0,"8":0,"9":0,"10":0,"11":0,"12":0,"13":0,"14":0,"15":0,"16":0,"17":0,"18":0,"19":0,"20":0,"21":0,"22":0,"23":0,"24":0,"25":0,"26":0,"27":0,"28":0,"29":0,"30":0,"31":0,"32":0,"33":0,"34":0,"35":0,"36":0,"37":0,"38":0,"39":0,"40":0},"f":{"0":0,"1":0,"2":0,"3":0,"4":0,"5":0,"6":0,"7":0,"8":0,"9":0,"10":0},"b":{"0":[0,0],"1":[0,0,0],"2":[0],"3":[0,0],"4":[0,0],"5":[0,0],"6":[0,0],"7":[0,0],"8":[0,0],"9":[0],"10":[0,0],"11":[0],"12":[0,0],"13":[0,0],"14":[0,0]}}
}
