TN:
SF:src/index.js
FN:21,(anonymous_0)
FN:27,(anonymous_1)
FN:82,(anonymous_2)
FNF:3
FNH:0
FNDA:0,(anonymous_0)
FNDA:0,(anonymous_1)
FNDA:0,(anonymous_2)
DA:21,0
DA:22,0
DA:23,0
DA:27,0
DA:28,0
DA:82,0
DA:83,0
DA:113,0
DA:114,0
LF:9
LH:0
BRDA:23,0,0,0
BRDA:23,0,1,0
BRF:2
BRH:0
end_of_record
TN:
SF:src/components/AdminLayout.js
FN:5,(anonymous_0)
FN:16,(anonymous_1)
FN:55,(anonymous_2)
FNF:3
FNH:0
FNDA:0,(anonymous_0)
FNDA:0,(anonymous_1)
FNDA:0,(anonymous_2)
DA:5,0
DA:6,0
DA:8,0
DA:16,0
DA:17,0
DA:18,0
DA:21,0
DA:56,0
LF:8
LH:0
BRF:0
BRH:0
end_of_record
TN:
SF:src/components/BackgroundAnimations.js
FN:7,(anonymous_0)
FNF:1
FNH:1
FNDA:6,(anonymous_0)
DA:7,1
DA:8,6
DA:20,6
LF:3
LH:3
BRF:0
BRH:0
end_of_record
TN:
SF:src/components/CTAButtons.js
FN:9,(anonymous_0)
FN:23,(anonymous_1)
FN:38,(anonymous_2)
FNF:3
FNH:3
FNDA:6,(anonymous_0)
FNDA:6,(anonymous_1)
FNDA:6,(anonymous_2)
DA:9,1
DA:10,6
DA:23,1
DA:24,6
DA:38,1
DA:39,6
DA:47,1
DA:52,1
LF:8
LH:8
BRF:0
BRH:0
end_of_record
TN:
SF:src/components/ContactForm.js
FN:16,(anonymous_0)
FN:27,(anonymous_1)
FN:29,(anonymous_2)
FN:33,(anonymous_3)
FN:37,(anonymous_4)
FN:52,(anonymous_5)
FN:139,(anonymous_6)
FNF:7
FNH:0
FNDA:0,(anonymous_0)
FNDA:0,(anonymous_1)
FNDA:0,(anonymous_2)
FNDA:0,(anonymous_3)
FNDA:0,(anonymous_4)
FNDA:0,(anonymous_5)
FNDA:0,(anonymous_6)
DA:16,0
DA:17,0
DA:22,0
DA:23,0
DA:25,0
DA:27,0
DA:28,0
DA:29,0
DA:32,0
DA:33,0
DA:37,0
DA:38,0
DA:39,0
DA:42,0
DA:44,0
DA:45,0
DA:46,0
DA:49,0
DA:52,0
DA:54,0
DA:55,0
DA:56,0
DA:60,0
DA:139,0
DA:150,0
DA:152,0
DA:205,0
DA:209,0
LF:28
LH:0
BRDA:32,0,0,0
BRDA:32,0,1,0
BRDA:44,1,0,0
BRDA:44,1,1,0
BRDA:54,2,0,0
BRDA:54,2,1,0
BRDA:68,3,0,0
BRDA:68,3,1,0
BRDA:78,4,0,0
BRDA:78,4,1,0
BRDA:123,5,0,0
BRDA:123,5,1,0
BRDA:124,6,0,0
BRDA:124,6,1,0
BRDA:126,7,0,0
BRDA:126,7,1,0
BRDA:142,8,0,0
BRDA:146,9,0,0
BRDA:159,10,0,0
BRDA:159,10,1,0
BRDA:162,11,0,0
BRDA:162,11,1,0
BRDA:170,12,0,0
BRDA:170,12,1,0
BRDA:184,13,0,0
BRDA:184,13,1,0
BRDA:192,14,0,0
BRDA:192,14,1,0
BRF:28
BRH:0
end_of_record
TN:
SF:src/components/ErrorBoundary.js
FN:9,(anonymous_0)
FN:14,(anonymous_1)
FN:19,(anonymous_2)
FN:34,(anonymous_3)
FN:40,(anonymous_4)
FN:61,(anonymous_5)
FNF:6
FNH:5
FNDA:20,(anonymous_0)
FNDA:16,(anonymous_1)
FNDA:3,(anonymous_2)
FNDA:1,(anonymous_3)
FNDA:45,(anonymous_4)
FNDA:0,(anonymous_5)
DA:10,20
DA:11,18
DA:16,16
DA:21,3
DA:23,3
DA:29,3
DA:30,1
DA:37,1
DA:41,45
DA:42,19
DA:44,19
DA:45,5
DA:49,14
DA:61,0
DA:83,26
DA:87,1
LF:16
LH:15
BRDA:29,0,0,1
BRDA:29,0,1,2
BRDA:41,1,0,19
BRDA:41,1,1,26
BRDA:44,2,0,5
BRDA:44,2,1,14
BRDA:66,3,0,14
BRDA:66,3,1,8
BRF:8
BRH:8
end_of_record
TN:
SF:src/components/Footer.js
FN:5,Footer
FN:64,(anonymous_1)
FN:98,(anonymous_2)
FNF:3
FNH:3
FNDA:9,Footer
FNDA:18,(anonymous_1)
FNDA:36,(anonymous_2)
DA:6,9
DA:19,9
DA:26,9
DA:65,18
DA:99,36
LF:5
LH:5
BRF:0
BRH:0
end_of_record
TN:
SF:src/components/HeroSection.js
FN:9,(anonymous_0)
FN:67,(anonymous_1)
FN:87,(anonymous_2)
FNF:3
FNH:3
FNDA:33,(anonymous_0)
FNDA:33,(anonymous_1)
FNDA:33,(anonymous_2)
DA:9,1
DA:17,33
DA:19,33
DA:67,1
DA:68,33
DA:87,1
DA:88,33
DA:108,1
DA:112,1
LF:9
LH:9
BRDA:10,0,0,0
BRF:1
BRH:0
end_of_record
TN:
SF:src/components/Loading.js
FN:9,(anonymous_0)
FN:31,(anonymous_1)
FN:39,(anonymous_2)
FNF:3
FNH:0
FNDA:0,(anonymous_0)
FNDA:0,(anonymous_1)
FNDA:0,(anonymous_2)
DA:9,0
DA:10,0
DA:16,0
DA:22,0
DA:31,0
DA:32,0
DA:39,0
DA:40,0
DA:48,0
DA:53,0
LF:10
LH:0
BRDA:9,0,0,0
BRDA:9,1,0,0
BRDA:39,2,0,0
BRF:3
BRH:0
end_of_record
TN:
SF:src/components/Navbar.js
FN:6,Navbar
FN:19,(anonymous_1)
FN:20,(anonymous_2)
FN:25,(anonymous_3)
FN:55,(anonymous_4)
FN:83,(anonymous_5)
FN:124,(anonymous_6)
FN:128,(anonymous_7)
FNF:8
FNH:4
FNDA:4,Navbar
FNDA:4,(anonymous_1)
FNDA:0,(anonymous_2)
FNDA:4,(anonymous_3)
FNDA:20,(anonymous_4)
FNDA:0,(anonymous_5)
FNDA:0,(anonymous_6)
FNDA:0,(anonymous_7)
DA:7,4
DA:8,4
DA:9,4
DA:11,4
DA:19,4
DA:20,4
DA:21,0
DA:24,4
DA:25,4
DA:28,4
DA:56,20
DA:83,0
DA:125,0
DA:128,0
LF:14
LH:10
BRDA:31,0,0,0
BRDA:31,0,1,4
BRDA:61,1,0,20
BRDA:61,1,1,4
BRDA:93,2,0,0
BRDA:93,2,1,4
BRDA:115,3,0,4
BRDA:115,3,1,0
BRDA:130,4,0,0
BRDA:130,4,1,0
BRF:10
BRH:5
end_of_record
TN:
SF:src/components/ProjectCard.js
FN:4,ProjectCard
FN:22,(anonymous_1)
FN:49,(anonymous_2)
FN:68,(anonymous_3)
FN:79,(anonymous_4)
FNF:5
FNH:1
FNDA:60,ProjectCard
FNDA:0,(anonymous_1)
FNDA:0,(anonymous_2)
FNDA:0,(anonymous_3)
FNDA:0,(anonymous_4)
DA:13,60
DA:15,60
DA:22,0
DA:50,0
DA:68,0
DA:79,0
LF:6
LH:2
BRDA:8,0,0,60
BRDA:12,1,0,60
BRDA:25,2,0,60
BRDA:25,2,1,60
BRDA:47,3,0,60
BRDA:47,3,1,60
BRDA:47,3,2,0
BRDA:49,4,0,0
BRDA:49,4,1,0
BRDA:62,5,0,60
BRDA:62,5,1,0
BRDA:73,6,0,60
BRDA:73,6,1,0
BRF:13
BRH:8
end_of_record
TN:
SF:src/components/ScrollIndicator.js
FN:7,(anonymous_0)
FNF:1
FNH:1
FNDA:6,(anonymous_0)
DA:7,1
DA:8,6
LF:2
LH:2
BRF:0
BRH:0
end_of_record
TN:
SF:src/components/SocialLinks.js
FN:8,(anonymous_0)
FN:31,(anonymous_1)
FN:38,(anonymous_2)
FNF:3
FNH:3
FNDA:6,(anonymous_0)
FNDA:12,(anonymous_1)
FNDA:12,(anonymous_2)
DA:8,1
DA:24,6
DA:32,12
DA:38,1
DA:39,12
DA:59,1
DA:66,1
DA:70,1
LF:8
LH:8
BRDA:9,0,0,0
BRF:1
BRH:0
end_of_record
TN:
SF:src/components/ThemeToggle.js
FN:4,ThemeToggle
FN:6,(anonymous_1)
FN:9,(anonymous_2)
FN:14,(anonymous_3)
FNF:4
FNH:4
FNDA:9,ThemeToggle
FNDA:5,(anonymous_1)
FNDA:9,(anonymous_2)
FNDA:4,(anonymous_3)
DA:5,9
DA:6,5
DA:9,9
DA:10,9
DA:11,9
DA:14,9
DA:15,4
DA:18,9
LF:8
LH:8
BRDA:11,0,0,3
BRDA:11,0,1,6
BRDA:27,1,0,3
BRDA:27,1,1,6
BRDA:37,2,0,3
BRDA:37,2,1,6
BRDA:40,3,0,3
BRDA:40,3,1,6
BRDA:52,4,0,3
BRDA:52,4,1,6
BRDA:53,5,0,3
BRDA:53,5,1,6
BRDA:62,6,0,3
BRDA:62,6,1,6
BRDA:63,7,0,3
BRDA:63,7,1,6
BRF:16
BRH:16
end_of_record
TN:
SF:src/config/constants.js
FNF:0
FNH:0
DA:6,0
DA:13,0
DA:28,0
DA:36,0
DA:52,0
LF:5
LH:0
BRDA:7,0,0,0
BRDA:7,0,1,0
BRF:2
BRH:0
end_of_record
TN:
SF:src/config/environment.js
FN:7,(anonymous_0)
FN:11,(anonymous_1)
FN:15,(anonymous_2)
FN:19,(anonymous_3)
FN:23,(anonymous_4)
FN:30,(anonymous_5)
FN:39,(anonymous_6)
FNF:7
FNH:0
FNDA:0,(anonymous_0)
FNDA:0,(anonymous_1)
FNDA:0,(anonymous_2)
FNDA:0,(anonymous_3)
FNDA:0,(anonymous_4)
FNDA:0,(anonymous_5)
FNDA:0,(anonymous_6)
DA:8,0
DA:12,0
DA:16,0
DA:20,0
DA:24,0
DA:25,0
DA:27,0
DA:31,0
DA:40,0
DA:41,0
DA:42,0
LF:11
LH:0
BRDA:8,0,0,0
BRDA:8,0,1,0
BRDA:24,1,0,0
BRDA:24,1,1,0
BRDA:25,2,0,0
BRDA:25,2,1,0
BRDA:27,3,0,0
BRDA:27,3,1,0
BRDA:40,4,0,0
BRDA:40,4,1,0
BRDA:41,5,0,0
BRDA:41,5,1,0
BRF:12
BRH:0
end_of_record
TN:
SF:src/contexts/AuthContext.js
FN:13,(anonymous_0)
FN:21,(anonymous_1)
FN:23,(anonymous_2)
FN:27,(anonymous_3)
FN:39,(anonymous_4)
FN:46,(anonymous_5)
FN:51,(anonymous_6)
FN:59,(anonymous_7)
FNF:8
FNH:0
FNDA:0,(anonymous_0)
FNDA:0,(anonymous_1)
FNDA:0,(anonymous_2)
FNDA:0,(anonymous_3)
FNDA:0,(anonymous_4)
FNDA:0,(anonymous_5)
FNDA:0,(anonymous_6)
FNDA:0,(anonymous_7)
DA:11,0
DA:13,0
DA:14,0
DA:15,0
DA:16,0
DA:18,0
DA:21,0
DA:22,0
DA:23,0
DA:24,0
DA:27,0
DA:28,0
DA:30,0
DA:31,0
DA:32,0
DA:33,0
DA:36,0
DA:39,0
DA:40,0
DA:41,0
DA:42,0
DA:43,0
DA:46,0
DA:47,0
DA:51,0
DA:52,0
DA:53,0
DA:54,0
DA:58,0
DA:59,0
DA:69,0
DA:72,0
LF:32
LH:0
BRDA:15,0,0,0
BRDA:15,0,1,0
BRDA:30,1,0,0
BRDA:30,1,1,0
BRDA:53,2,0,0
BRDA:53,2,1,0
BRDA:53,3,0,0
BRDA:53,3,1,0
BRF:8
BRH:0
end_of_record
TN:
SF:src/data/projects.js
FN:134,(anonymous_0)
FN:139,(anonymous_1)
FN:140,(anonymous_2)
FN:144,(anonymous_3)
FN:145,(anonymous_4)
FN:149,(anonymous_5)
FN:150,(anonymous_6)
FN:154,(anonymous_7)
FN:155,(anonymous_8)
FN:159,(anonymous_9)
FN:162,(anonymous_10)
FN:165,(anonymous_11)
FN:174,(anonymous_12)
FN:176,(anonymous_13)
FN:189,(anonymous_14)
FN:198,(anonymous_15)
FN:200,(anonymous_16)
FN:216,(anonymous_17)
FN:225,(anonymous_18)
FN:242,(anonymous_19)
FN:254,(anonymous_20)
FN:260,(anonymous_21)
FNF:22
FNH:3
FNDA:0,(anonymous_0)
FNDA:0,(anonymous_1)
FNDA:0,(anonymous_2)
FNDA:0,(anonymous_3)
FNDA:0,(anonymous_4)
FNDA:0,(anonymous_5)
FNDA:0,(anonymous_6)
FNDA:0,(anonymous_7)
FNDA:0,(anonymous_8)
FNDA:0,(anonymous_9)
FNDA:0,(anonymous_10)
FNDA:0,(anonymous_11)
FNDA:0,(anonymous_12)
FNDA:0,(anonymous_13)
FNDA:0,(anonymous_14)
FNDA:0,(anonymous_15)
FNDA:0,(anonymous_16)
FNDA:0,(anonymous_17)
FNDA:11,(anonymous_18)
FNDA:11,(anonymous_19)
FNDA:10,(anonymous_20)
FNDA:0,(anonymous_21)
DA:2,1
DA:134,1
DA:135,0
DA:139,1
DA:140,0
DA:144,1
DA:145,0
DA:149,1
DA:150,0
DA:154,1
DA:155,0
DA:159,1
DA:160,0
DA:162,0
DA:165,0
DA:168,0
DA:169,0
DA:170,0
DA:171,0
DA:174,1
DA:175,0
DA:176,0
DA:178,0
DA:179,0
DA:180,0
DA:183,0
DA:189,0
DA:192,0
DA:193,0
DA:194,0
DA:195,0
DA:198,1
DA:199,0
DA:200,0
DA:202,0
DA:203,0
DA:204,0
DA:207,0
DA:208,0
DA:209,0
DA:210,0
DA:214,1
DA:216,1
DA:217,0
DA:218,0
DA:219,0
DA:221,0
DA:225,1
DA:226,11
DA:227,11
DA:228,11
DA:229,0
DA:230,0
DA:231,0
DA:234,0
DA:236,11
DA:240,1
DA:242,1
DA:243,11
DA:244,11
DA:245,0
DA:246,0
DA:248,11
DA:249,11
DA:254,1
DA:255,10
DA:256,10
DA:260,1
DA:261,0
DA:262,0
DA:263,0
DA:264,0
DA:268,1
LF:73
LH:27
BRDA:163,0,0,0
BRDA:163,0,1,0
BRDA:178,1,0,0
BRDA:178,1,1,0
BRDA:187,2,0,0
BRDA:187,2,1,0
BRDA:202,3,0,0
BRDA:202,3,1,0
BRDA:228,4,0,0
BRDA:228,4,1,11
BRDA:244,5,0,0
BRDA:244,5,1,11
BRDA:244,6,0,11
BRDA:244,6,1,0
BRF:14
BRH:3
end_of_record
TN:
SF:src/hooks/useApiData.js
FN:13,(anonymous_0)
FN:18,(anonymous_1)
FN:37,(anonymous_2)
FN:52,(anonymous_3)
FN:55,(anonymous_4)
FN:56,(anonymous_5)
FN:62,(anonymous_6)
FN:71,(anonymous_7)
FN:74,(anonymous_8)
FN:75,(anonymous_9)
FN:81,(anonymous_10)
FN:90,(anonymous_11)
FN:94,(anonymous_12)
FN:119,(anonymous_13)
FNF:14
FNH:14
FNDA:28,(anonymous_0)
FNDA:17,(anonymous_1)
FNDA:16,(anonymous_2)
FNDA:8,(anonymous_3)
FNDA:3,(anonymous_4)
FNDA:3,(anonymous_5)
FNDA:5,(anonymous_6)
FNDA:2,(anonymous_7)
FNDA:2,(anonymous_8)
FNDA:2,(anonymous_9)
FNDA:2,(anonymous_10)
FNDA:15,(anonymous_11)
FNDA:6,(anonymous_12)
FNDA:1,(anonymous_13)
DA:13,1
DA:14,28
DA:15,28
DA:16,28
DA:18,28
DA:19,17
DA:20,17
DA:21,17
DA:23,17
DA:25,15
DA:26,7
DA:28,1
DA:31,9
DA:33,17
DA:37,28
DA:38,16
DA:41,28
DA:52,1
DA:53,8
DA:55,8
DA:56,3
DA:57,3
DA:61,8
DA:62,5
DA:71,1
DA:72,2
DA:74,2
DA:75,2
DA:76,2
DA:80,2
DA:81,2
DA:90,1
DA:91,15
DA:92,15
DA:94,15
DA:95,6
DA:96,6
DA:97,6
DA:99,6
DA:101,4
DA:102,2
DA:105,4
DA:107,2
DA:108,2
DA:109,2
DA:111,6
DA:115,15
DA:119,1
LF:48
LH:48
BRDA:13,0,0,12
BRDA:13,1,0,17
BRDA:25,2,0,7
BRDA:25,2,1,1
BRDA:31,3,0,9
BRDA:31,3,1,1
BRDA:52,4,0,1
BRDA:71,5,0,1
BRDA:101,6,0,2
BRDA:101,6,1,2
BRDA:107,7,0,2
BRDA:107,7,1,1
BRF:12
BRH:12
end_of_record
TN:
SF:src/hooks/useTypingAnimation.js
FN:7,(anonymous_0)
FN:16,(anonymous_1)
FN:19,(anonymous_2)
FN:28,(anonymous_3)
FN:35,(anonymous_4)
FN:43,(anonymous_5)
FNF:6
FNH:4
FNDA:33,(anonymous_0)
FNDA:33,(anonymous_1)
FNDA:27,(anonymous_2)
FNDA:0,(anonymous_3)
FNDA:0,(anonymous_4)
FNDA:33,(anonymous_5)
DA:7,1
DA:12,33
DA:13,33
DA:14,33
DA:16,33
DA:19,33
DA:20,27
DA:22,27
DA:24,0
DA:26,0
DA:27,0
DA:28,0
DA:32,27
DA:34,27
DA:35,0
DA:36,0
DA:41,33
DA:43,33
DA:53,33
LF:19
LH:13
BRDA:9,0,0,33
BRDA:10,1,0,33
BRDA:22,2,0,0
BRDA:22,2,1,27
BRDA:26,3,0,0
BRDA:26,3,1,0
BRDA:34,4,0,0
BRDA:34,4,1,27
BRDA:41,5,0,0
BRDA:41,5,1,33
BRF:10
BRH:5
end_of_record
TN:
SF:src/pages/About.js
FN:7,About
FN:28,(anonymous_1)
FN:29,(anonymous_2)
FN:36,(anonymous_3)
FN:124,(anonymous_4)
FN:130,(anonymous_5)
FN:156,(anonymous_6)
FN:185,(anonymous_7)
FNF:8
FNH:0
FNDA:0,About
FNDA:0,(anonymous_1)
FNDA:0,(anonymous_2)
FNDA:0,(anonymous_3)
FNDA:0,(anonymous_4)
FNDA:0,(anonymous_5)
FNDA:0,(anonymous_6)
FNDA:0,(anonymous_7)
DA:5,0
DA:8,0
DA:9,0
DA:12,0
DA:28,0
DA:29,0
DA:30,0
DA:31,0
DA:32,0
DA:34,0
DA:36,0
DA:37,0
DA:40,0
DA:43,0
DA:45,0
DA:47,0
DA:51,0
DA:54,0
DA:63,0
DA:80,0
DA:125,0
DA:131,0
DA:157,0
DA:186,0
LF:24
LH:0
BRDA:5,0,0,0
BRDA:5,0,1,0
BRDA:34,1,0,0
BRDA:34,1,1,0
BRDA:34,2,0,0
BRDA:34,2,1,0
BRDA:122,3,0,0
BRDA:122,3,1,0
BRF:8
BRH:0
end_of_record
TN:
SF:src/pages/AdminBlog.js
FN:6,(anonymous_0)
FN:24,(anonymous_1)
FN:28,(anonymous_2)
FN:44,(anonymous_3)
FN:45,(anonymous_4)
FN:49,(anonymous_5)
FN:52,(anonymous_6)
FN:59,(anonymous_7)
FN:60,(anonymous_8)
FN:76,(anonymous_9)
FN:87,(anonymous_10)
FN:100,(anonymous_11)
FN:112,(anonymous_12)
FN:123,(anonymous_13)
FN:155,(anonymous_14)
FN:182,(anonymous_15)
FN:196,(anonymous_16)
FN:200,(anonymous_17)
FN:213,(anonymous_18)
FN:252,(anonymous_19)
FN:273,(anonymous_20)
FN:280,(anonymous_21)
FN:305,(anonymous_22)
FN:325,(anonymous_23)
FN:332,(anonymous_24)
FN:351,(anonymous_25)
FN:370,(anonymous_26)
FN:375,(anonymous_27)
FN:394,(anonymous_28)
FN:413,(anonymous_29)
FN:434,(anonymous_30)
FN:454,(anonymous_31)
FN:467,(anonymous_32)
FNF:33
FNH:0
FNDA:0,(anonymous_0)
FNDA:0,(anonymous_1)
FNDA:0,(anonymous_2)
FNDA:0,(anonymous_3)
FNDA:0,(anonymous_4)
FNDA:0,(anonymous_5)
FNDA:0,(anonymous_6)
FNDA:0,(anonymous_7)
FNDA:0,(anonymous_8)
FNDA:0,(anonymous_9)
FNDA:0,(anonymous_10)
FNDA:0,(anonymous_11)
FNDA:0,(anonymous_12)
FNDA:0,(anonymous_13)
FNDA:0,(anonymous_14)
FNDA:0,(anonymous_15)
FNDA:0,(anonymous_16)
FNDA:0,(anonymous_17)
FNDA:0,(anonymous_18)
FNDA:0,(anonymous_19)
FNDA:0,(anonymous_20)
FNDA:0,(anonymous_21)
FNDA:0,(anonymous_22)
FNDA:0,(anonymous_23)
FNDA:0,(anonymous_24)
FNDA:0,(anonymous_25)
FNDA:0,(anonymous_26)
FNDA:0,(anonymous_27)
FNDA:0,(anonymous_28)
FNDA:0,(anonymous_29)
FNDA:0,(anonymous_30)
FNDA:0,(anonymous_31)
FNDA:0,(anonymous_32)
DA:6,0
DA:7,0
DA:8,0
DA:9,0
DA:10,0
DA:11,0
DA:12,0
DA:13,0
DA:22,0
DA:24,0
DA:25,0
DA:28,0
DA:29,0
DA:30,0
DA:36,0
DA:38,0
DA:40,0
DA:44,0
DA:45,0
DA:46,0
DA:49,0
DA:52,0
DA:53,0
DA:54,0
DA:55,0
DA:59,0
DA:60,0
DA:63,0
DA:64,0
DA:66,0
DA:68,0
DA:69,0
DA:70,0
DA:72,0
DA:76,0
DA:77,0
DA:78,0
DA:79,0
DA:80,0
DA:82,0
DA:87,0
DA:88,0
DA:89,0
DA:97,0
DA:100,0
DA:101,0
DA:109,0
DA:112,0
DA:113,0
DA:115,0
DA:117,0
DA:119,0
DA:123,0
DA:124,0
DA:131,0
DA:132,0
DA:141,0
DA:156,0
DA:157,0
DA:182,0
DA:196,0
DA:201,0
DA:214,0
DA:253,0
DA:273,0
DA:280,0
DA:306,0
DA:307,0
DA:325,0
DA:332,0
DA:352,0
DA:371,0
DA:376,0
DA:395,0
DA:414,0
DA:435,0
DA:455,0
DA:467,0
LF:78
LH:0
BRDA:36,0,0,0
BRDA:36,0,1,0
BRDA:63,1,0,0
BRDA:63,1,1,0
BRDA:77,2,0,0
BRDA:77,2,1,0
BRDA:94,3,0,0
BRDA:94,3,1,0
BRDA:95,4,0,0
BRDA:95,4,1,0
BRDA:113,5,0,0
BRDA:113,5,1,0
BRDA:113,5,2,0
BRDA:131,6,0,0
BRDA:131,6,1,0
BRDA:237,7,0,0
BRDA:237,7,1,0
BRDA:245,8,0,0
BRDA:245,8,1,0
BRDA:248,9,0,0
BRDA:248,9,1,0
BRDA:248,9,2,0
BRDA:260,10,0,0
BRDA:260,10,1,0
BRDA:293,11,0,0
BRDA:293,11,1,0
BRDA:300,12,0,0
BRDA:300,12,1,0
BRDA:300,13,0,0
BRDA:300,13,1,0
BRDA:319,14,0,0
BRDA:319,14,1,0
BRDA:335,15,0,0
BRDA:335,15,1,0
BRDA:476,16,0,0
BRDA:476,16,1,0
BRF:36
BRH:0
end_of_record
TN:
SF:src/pages/AdminContacts.js
FN:6,(anonymous_0)
FN:18,(anonymous_1)
FN:22,(anonymous_2)
FN:62,(anonymous_3)
FN:66,(anonymous_4)
FN:76,(anonymous_5)
FN:85,(anonymous_6)
FN:93,(anonymous_7)
FN:101,(anonymous_8)
FN:111,(anonymous_9)
FN:113,(anonymous_10)
FN:117,(anonymous_11)
FN:119,(anonymous_12)
FN:185,(anonymous_13)
FN:191,(anonymous_14)
FN:222,(anonymous_15)
FN:231,(anonymous_16)
FN:288,(anonymous_17)
FN:352,(anonymous_18)
FN:360,(anonymous_19)
FN:369,(anonymous_20)
FNF:21
FNH:0
FNDA:0,(anonymous_0)
FNDA:0,(anonymous_1)
FNDA:0,(anonymous_2)
FNDA:0,(anonymous_3)
FNDA:0,(anonymous_4)
FNDA:0,(anonymous_5)
FNDA:0,(anonymous_6)
FNDA:0,(anonymous_7)
FNDA:0,(anonymous_8)
FNDA:0,(anonymous_9)
FNDA:0,(anonymous_10)
FNDA:0,(anonymous_11)
FNDA:0,(anonymous_12)
FNDA:0,(anonymous_13)
FNDA:0,(anonymous_14)
FNDA:0,(anonymous_15)
FNDA:0,(anonymous_16)
FNDA:0,(anonymous_17)
FNDA:0,(anonymous_18)
FNDA:0,(anonymous_19)
FNDA:0,(anonymous_20)
DA:6,0
DA:7,0
DA:8,0
DA:9,0
DA:15,0
DA:16,0
DA:18,0
DA:19,0
DA:22,0
DA:23,0
DA:24,0
DA:25,0
DA:26,0
DA:27,0
DA:30,0
DA:31,0
DA:34,0
DA:42,0
DA:43,0
DA:44,0
DA:53,0
DA:54,0
DA:55,0
DA:56,0
DA:58,0
DA:62,0
DA:63,0
DA:64,0
DA:65,0
DA:67,0
DA:71,0
DA:72,0
DA:76,0
DA:77,0
DA:80,0
DA:83,0
DA:84,0
DA:85,0
DA:86,0
DA:88,0
DA:89,0
DA:93,0
DA:94,0
DA:95,0
DA:96,0
DA:97,0
DA:101,0
DA:102,0
DA:111,0
DA:112,0
DA:113,0
DA:117,0
DA:118,0
DA:119,0
DA:123,0
DA:124,0
DA:133,0
DA:186,0
DA:191,0
DA:223,0
DA:224,0
DA:232,0
DA:233,0
DA:288,0
DA:353,0
DA:361,0
DA:362,0
DA:369,0
LF:68
LH:0
BRDA:30,0,0,0
BRDA:30,0,1,0
BRDA:43,1,0,0
BRDA:43,1,1,0
BRDA:45,2,0,0
BRDA:45,2,1,0
BRDA:67,3,0,0
BRDA:67,3,1,0
BRDA:77,4,0,0
BRDA:77,4,1,0
BRDA:96,5,0,0
BRDA:96,5,1,0
BRDA:112,6,0,0
BRDA:112,6,1,0
BRDA:118,7,0,0
BRDA:118,7,1,0
BRDA:123,8,0,0
BRDA:123,8,1,0
BRDA:155,9,0,0
BRDA:155,9,1,0
BRDA:189,10,0,0
BRDA:189,10,1,0
BRDA:196,11,0,0
BRDA:196,11,1,0
BRDA:201,12,0,0
BRDA:201,12,1,0
BRDA:228,13,0,0
BRDA:228,13,1,0
BRDA:249,14,0,0
BRDA:249,14,1,0
BRDA:275,15,0,0
BRDA:275,15,1,0
BRDA:275,15,2,0
BRDA:357,16,0,0
BRDA:357,16,1,0
BRF:35
BRH:0
end_of_record
TN:
SF:src/pages/AdminDashboard.js
FN:9,(anonymous_0)
FN:18,(anonymous_1)
FN:25,(anonymous_2)
FN:29,(anonymous_3)
FN:111,(anonymous_4)
FNF:5
FNH:0
FNDA:0,(anonymous_0)
FNDA:0,(anonymous_1)
FNDA:0,(anonymous_2)
FNDA:0,(anonymous_3)
FNDA:0,(anonymous_4)
DA:7,0
DA:9,0
DA:10,0
DA:11,0
DA:16,0
DA:18,0
DA:25,0
DA:26,0
DA:29,0
DA:30,0
DA:31,0
DA:35,0
DA:37,0
DA:39,0
DA:43,0
DA:74,0
DA:75,0
DA:84,0
DA:112,0
LF:19
LH:0
BRDA:7,0,0,0
BRDA:7,0,1,0
BRDA:74,1,0,0
BRDA:74,1,1,0
BRF:4
BRH:0
end_of_record
TN:
SF:src/pages/AdminLogin.js
FN:6,(anonymous_0)
FN:16,(anonymous_1)
FN:23,(anonymous_2)
FNF:3
FNH:0
FNDA:0,(anonymous_0)
FNDA:0,(anonymous_1)
FNDA:0,(anonymous_2)
DA:6,0
DA:7,0
DA:11,0
DA:12,0
DA:13,0
DA:14,0
DA:16,0
DA:17,0
DA:23,0
DA:24,0
DA:25,0
DA:26,0
DA:27,0
DA:29,0
DA:30,0
DA:32,0
DA:33,0
DA:35,0
DA:37,0
DA:38,0
DA:41,0
DA:44,0
LF:22
LH:0
BRDA:32,0,0,0
BRDA:32,0,1,0
BRDA:67,1,0,0
BRDA:67,1,1,0
BRDA:113,2,0,0
BRDA:113,2,1,0
BRDA:117,3,0,0
BRDA:117,3,1,0
BRDA:118,4,0,0
BRDA:118,4,1,0
BRDA:120,5,0,0
BRDA:120,5,1,0
BRF:12
BRH:0
end_of_record
TN:
SF:src/pages/AdminProjects.js
FN:12,(anonymous_0)
FN:41,(anonymous_1)
FN:46,(anonymous_2)
FN:47,(anonymous_3)
FN:55,(anonymous_4)
FN:60,(anonymous_5)
FN:73,(anonymous_6)
FN:81,(anonymous_7)
FN:89,(anonymous_8)
FN:90,(anonymous_9)
FN:97,(anonymous_10)
FN:110,(anonymous_11)
FN:121,(anonymous_12)
FN:126,(anonymous_13)
FN:126,(anonymous_14)
FN:138,(anonymous_15)
FN:152,(anonymous_16)
FN:154,(anonymous_17)
FN:160,(anonymous_18)
FN:176,(anonymous_19)
FN:192,(anonymous_20)
FN:197,(anonymous_21)
FN:201,(anonymous_22)
FN:217,(anonymous_23)
FN:250,(anonymous_24)
FN:278,(anonymous_25)
FN:286,(anonymous_26)
FN:348,(anonymous_27)
FN:458,(anonymous_28)
FNF:29
FNH:0
FNDA:0,(anonymous_0)
FNDA:0,(anonymous_1)
FNDA:0,(anonymous_2)
FNDA:0,(anonymous_3)
FNDA:0,(anonymous_4)
FNDA:0,(anonymous_5)
FNDA:0,(anonymous_6)
FNDA:0,(anonymous_7)
FNDA:0,(anonymous_8)
FNDA:0,(anonymous_9)
FNDA:0,(anonymous_10)
FNDA:0,(anonymous_11)
FNDA:0,(anonymous_12)
FNDA:0,(anonymous_13)
FNDA:0,(anonymous_14)
FNDA:0,(anonymous_15)
FNDA:0,(anonymous_16)
FNDA:0,(anonymous_17)
FNDA:0,(anonymous_18)
FNDA:0,(anonymous_19)
FNDA:0,(anonymous_20)
FNDA:0,(anonymous_21)
FNDA:0,(anonymous_22)
FNDA:0,(anonymous_23)
FNDA:0,(anonymous_24)
FNDA:0,(anonymous_25)
FNDA:0,(anonymous_26)
FNDA:0,(anonymous_27)
FNDA:0,(anonymous_28)
DA:12,0
DA:13,0
DA:14,0
DA:15,0
DA:16,0
DA:17,0
DA:18,0
DA:19,0
DA:21,0
DA:29,0
DA:41,0
DA:42,0
DA:46,0
DA:47,0
DA:48,0
DA:49,0
DA:50,0
DA:54,0
DA:55,0
DA:56,0
DA:60,0
DA:61,0
DA:62,0
DA:67,0
DA:68,0
DA:70,0
DA:71,0
DA:73,0
DA:74,0
DA:76,0
DA:77,0
DA:81,0
DA:85,0
DA:87,0
DA:88,0
DA:89,0
DA:90,0
DA:92,0
DA:96,0
DA:97,0
DA:98,0
DA:101,0
DA:102,0
DA:103,0
DA:105,0
DA:106,0
DA:110,0
DA:111,0
DA:112,0
DA:118,0
DA:121,0
DA:122,0
DA:123,0
DA:124,0
DA:125,0
DA:126,0
DA:127,0
DA:129,0
DA:132,0
DA:133,0
DA:138,0
DA:139,0
DA:152,0
DA:153,0
DA:154,0
DA:160,0
DA:162,0
DA:165,0
DA:166,0
DA:169,0
DA:176,0
DA:192,0
DA:197,0
DA:202,0
DA:218,0
DA:251,0
DA:278,0
DA:286,0
DA:349,0
DA:459,0
DA:460,0
DA:461,0
LF:82
LH:0
BRDA:48,0,0,0
BRDA:48,0,1,0
BRDA:80,1,0,0
BRDA:80,1,1,0
BRDA:85,2,0,0
BRDA:85,2,1,0
BRDA:88,3,0,0
BRDA:88,3,1,0
BRDA:90,4,0,0
BRDA:90,4,1,0
BRDA:114,5,0,0
BRDA:114,5,1,0
BRDA:116,6,0,0
BRDA:116,6,1,0
BRDA:122,7,0,0
BRDA:122,7,1,0
BRDA:125,8,0,0
BRDA:125,8,1,0
BRDA:156,9,0,0
BRDA:156,9,1,0
BRDA:162,10,0,0
BRDA:162,10,1,0
BRDA:165,11,0,0
BRDA:165,11,1,0
BRDA:166,12,0,0
BRDA:166,12,1,0
BRDA:211,13,0,0
BRDA:211,13,1,0
BRDA:224,14,0,0
BRDA:224,14,1,0
BRDA:236,15,0,0
BRDA:236,15,1,0
BRDA:248,16,0,0
BRDA:248,16,1,0
BRDA:258,17,0,0
BRDA:258,17,1,0
BRDA:258,18,0,0
BRDA:258,18,1,0
BRDA:260,19,0,0
BRDA:260,19,1,0
BRDA:268,20,0,0
BRDA:268,20,1,0
BRDA:303,21,0,0
BRDA:303,21,1,0
BRDA:318,22,0,0
BRDA:318,22,1,0
BRDA:475,23,0,0
BRDA:475,23,1,0
BRF:48
BRH:0
end_of_record
TN:
SF:src/pages/AdminSkills.js
FN:6,(anonymous_0)
FN:30,(anonymous_1)
FN:34,(anonymous_2)
FN:61,(anonymous_3)
FN:62,(anonymous_4)
FN:66,(anonymous_5)
FN:69,(anonymous_6)
FN:91,(anonymous_7)
FN:106,(anonymous_8)
FN:117,(anonymous_9)
FN:127,(anonymous_10)
FN:141,(anonymous_11)
FN:167,(anonymous_12)
FN:190,(anonymous_13)
FN:200,(anonymous_14)
FN:204,(anonymous_15)
FN:217,(anonymous_16)
FN:248,(anonymous_17)
FN:254,(anonymous_18)
FN:281,(anonymous_19)
FN:301,(anonymous_20)
FN:308,(anonymous_21)
FN:322,(anonymous_22)
FN:337,(anonymous_23)
FN:343,(anonymous_24)
FN:358,(anonymous_25)
FN:372,(anonymous_26)
FN:387,(anonymous_27)
FNF:28
FNH:0
FNDA:0,(anonymous_0)
FNDA:0,(anonymous_1)
FNDA:0,(anonymous_2)
FNDA:0,(anonymous_3)
FNDA:0,(anonymous_4)
FNDA:0,(anonymous_5)
FNDA:0,(anonymous_6)
FNDA:0,(anonymous_7)
FNDA:0,(anonymous_8)
FNDA:0,(anonymous_9)
FNDA:0,(anonymous_10)
FNDA:0,(anonymous_11)
FNDA:0,(anonymous_12)
FNDA:0,(anonymous_13)
FNDA:0,(anonymous_14)
FNDA:0,(anonymous_15)
FNDA:0,(anonymous_16)
FNDA:0,(anonymous_17)
FNDA:0,(anonymous_18)
FNDA:0,(anonymous_19)
FNDA:0,(anonymous_20)
FNDA:0,(anonymous_21)
FNDA:0,(anonymous_22)
FNDA:0,(anonymous_23)
FNDA:0,(anonymous_24)
FNDA:0,(anonymous_25)
FNDA:0,(anonymous_26)
FNDA:0,(anonymous_27)
DA:6,0
DA:7,0
DA:8,0
DA:9,0
DA:10,0
DA:11,0
DA:12,0
DA:13,0
DA:19,0
DA:30,0
DA:31,0
DA:34,0
DA:35,0
DA:36,0
DA:41,0
DA:46,0
DA:48,0
DA:49,0
DA:50,0
DA:52,0
DA:55,0
DA:57,0
DA:61,0
DA:62,0
DA:63,0
DA:66,0
DA:69,0
DA:70,0
DA:71,0
DA:73,0
DA:74,0
DA:76,0
DA:79,0
DA:80,0
DA:81,0
DA:82,0
DA:84,0
DA:87,0
DA:91,0
DA:92,0
DA:93,0
DA:94,0
DA:95,0
DA:96,0
DA:98,0
DA:101,0
DA:106,0
DA:107,0
DA:108,0
DA:114,0
DA:117,0
DA:118,0
DA:124,0
DA:127,0
DA:128,0
DA:138,0
DA:141,0
DA:143,0
DA:144,0
DA:153,0
DA:168,0
DA:169,0
DA:190,0
DA:200,0
DA:205,0
DA:218,0
DA:248,0
DA:254,0
DA:282,0
DA:283,0
DA:301,0
DA:308,0
DA:323,0
DA:338,0
DA:344,0
DA:359,0
DA:373,0
DA:387,0
LF:78
LH:0
BRDA:38,0,0,0
BRDA:38,0,1,0
BRDA:48,1,0,0
BRDA:48,1,1,0
BRDA:49,2,0,0
BRDA:49,2,1,0
BRDA:50,3,0,0
BRDA:50,3,1,0
BRDA:73,4,0,0
BRDA:73,4,1,0
BRDA:79,5,0,0
BRDA:79,5,1,0
BRDA:92,6,0,0
BRDA:92,6,1,0
BRDA:95,7,0,0
BRDA:95,7,1,0
BRDA:138,8,0,0
BRDA:138,8,1,0
BRDA:143,9,0,0
BRDA:143,9,1,0
BRDA:228,10,0,0
BRDA:228,10,1,0
BRDA:261,11,0,0
BRDA:261,11,1,0
BRDA:269,12,0,0
BRDA:269,12,1,0
BRDA:276,13,0,0
BRDA:276,13,1,0
BRDA:276,14,0,0
BRDA:276,14,1,0
BRDA:295,15,0,0
BRDA:295,15,1,0
BRDA:311,16,0,0
BRDA:311,16,1,0
BRDA:396,17,0,0
BRDA:396,17,1,0
BRF:36
BRH:0
end_of_record
TN:
SF:src/pages/Blog.js
FN:7,Blog
FN:14,(anonymous_1)
FN:15,(anonymous_2)
FN:37,(anonymous_3)
FN:46,(anonymous_4)
FN:79,(anonymous_5)
FN:97,(anonymous_6)
FN:136,(anonymous_7)
FN:166,(anonymous_8)
FN:175,(anonymous_9)
FN:176,(anonymous_10)
FN:179,(anonymous_11)
FN:192,(anonymous_12)
FNF:13
FNH:0
FNDA:0,Blog
FNDA:0,(anonymous_1)
FNDA:0,(anonymous_2)
FNDA:0,(anonymous_3)
FNDA:0,(anonymous_4)
FNDA:0,(anonymous_5)
FNDA:0,(anonymous_6)
FNDA:0,(anonymous_7)
FNDA:0,(anonymous_8)
FNDA:0,(anonymous_9)
FNDA:0,(anonymous_10)
FNDA:0,(anonymous_11)
FNDA:0,(anonymous_12)
DA:5,0
DA:8,0
DA:9,0
DA:10,0
DA:11,0
DA:14,0
DA:15,0
DA:16,0
DA:17,0
DA:18,0
DA:22,0
DA:23,0
DA:24,0
DA:27,0
DA:28,0
DA:30,0
DA:34,0
DA:37,0
DA:38,0
DA:39,0
DA:46,0
DA:47,0
DA:48,0
DA:53,0
DA:80,0
DA:98,0
DA:137,0
DA:166,0
DA:175,0
DA:177,0
DA:179,0
DA:192,0
LF:32
LH:0
BRDA:5,0,0,0
BRDA:5,0,1,0
BRDA:22,1,0,0
BRDA:22,1,1,0
BRDA:24,2,0,0
BRDA:24,2,1,0
BRDA:46,3,0,0
BRDA:47,4,0,0
BRDA:47,4,1,0
BRDA:48,5,0,0
BRDA:48,5,1,0
BRDA:76,6,0,0
BRDA:76,6,1,0
BRDA:93,7,0,0
BRDA:93,7,1,0
BRDA:106,8,0,0
BRDA:106,8,1,0
BRDA:119,9,0,0
BRDA:119,9,1,0
BRDA:122,10,0,0
BRDA:122,10,1,0
BRDA:131,11,0,0
BRDA:131,11,1,0
BRDA:134,12,0,0
BRDA:134,12,1,0
BRDA:134,12,2,0
BRDA:156,13,0,0
BRDA:156,13,1,0
BRDA:164,14,0,0
BRDA:164,14,1,0
BRDA:181,15,0,0
BRDA:181,15,1,0
BRDA:190,16,0,0
BRDA:190,16,1,0
BRF:34
BRH:0
end_of_record
TN:
SF:src/pages/Contact.js
FN:7,Contact
FN:12,(anonymous_1)
FN:15,(anonymous_2)
FN:190,(anonymous_3)
FNF:4
FNH:3
FNDA:8,Contact
FNDA:0,(anonymous_1)
FNDA:1,(anonymous_2)
FNDA:24,(anonymous_3)
DA:5,1
DA:8,8
DA:9,8
DA:10,8
DA:12,8
DA:13,0
DA:15,8
DA:16,1
DA:17,1
DA:18,1
DA:20,1
DA:22,1
DA:23,1
DA:24,0
DA:28,0
DA:30,1
DA:31,1
DA:37,1
DA:41,8
DA:62,8
DA:191,24
LF:21
LH:18
BRDA:5,0,0,1
BRDA:5,0,1,1
BRDA:99,1,0,8
BRDA:99,1,1,1
BRDA:102,2,0,0
BRDA:102,2,1,1
BRDA:164,3,0,0
BRDA:164,3,1,8
BRF:8
BRH:6
end_of_record
TN:
SF:src/pages/Home.js
FN:8,Home
FNF:1
FNH:1
FNDA:6,Home
DA:9,6
DA:16,6
DA:31,6
LF:3
LH:3
BRF:0
BRH:0
end_of_record
TN:
SF:src/pages/Projects.js
FN:6,Projects
FN:14,(anonymous_1)
FN:23,(anonymous_2)
FN:33,(anonymous_3)
FN:34,(anonymous_4)
FN:42,(anonymous_5)
FN:49,(anonymous_6)
FN:50,(anonymous_7)
FN:58,(anonymous_8)
FN:71,(anonymous_9)
FN:76,(anonymous_10)
FN:81,(anonymous_11)
FN:107,(anonymous_12)
FN:119,(anonymous_13)
FN:124,(anonymous_14)
FN:125,(anonymous_15)
FN:133,(anonymous_16)
FN:194,(anonymous_17)
FN:197,(anonymous_18)
FN:216,(anonymous_19)
FN:220,(anonymous_20)
FN:306,(anonymous_21)
FN:387,(anonymous_22)
FNF:23
FNH:14
FNDA:21,Projects
FNDA:0,(anonymous_1)
FNDA:0,(anonymous_2)
FNDA:10,(anonymous_3)
FNDA:0,(anonymous_4)
FNDA:0,(anonymous_5)
FNDA:10,(anonymous_6)
FNDA:10,(anonymous_7)
FNDA:60,(anonymous_8)
FNDA:60,(anonymous_9)
FNDA:60,(anonymous_10)
FNDA:60,(anonymous_11)
FNDA:10,(anonymous_12)
FNDA:10,(anonymous_13)
FNDA:10,(anonymous_14)
FNDA:0,(anonymous_15)
FNDA:10,(anonymous_16)
FNDA:40,(anonymous_17)
FNDA:0,(anonymous_18)
FNDA:60,(anonymous_19)
FNDA:0,(anonymous_20)
FNDA:0,(anonymous_21)
FNDA:0,(anonymous_22)
DA:7,21
DA:8,20
DA:9,20
DA:10,20
DA:11,20
DA:12,20
DA:14,20
DA:15,0
DA:16,0
DA:18,0
DA:19,0
DA:20,0
DA:23,20
DA:24,0
DA:25,0
DA:27,0
DA:28,0
DA:29,0
DA:33,20
DA:34,10
DA:35,0
DA:36,0
DA:40,10
DA:41,0
DA:42,0
DA:43,0
DA:49,20
DA:50,10
DA:52,10
DA:53,10
DA:54,10
DA:58,20
DA:59,60
DA:60,0
DA:61,0
DA:62,0
DA:63,0
DA:66,20
DA:71,60
DA:76,60
DA:81,60
DA:85,20
DA:95,20
DA:107,20
DA:108,10
DA:109,10
DA:111,10
DA:112,10
DA:113,10
DA:115,10
DA:116,10
DA:119,20
DA:120,10
DA:124,20
DA:125,10
DA:126,0
DA:127,0
DA:128,0
DA:132,10
DA:133,10
DA:134,10
DA:138,20
DA:139,10
DA:153,10
DA:154,0
DA:165,10
DA:195,40
DA:197,0
DA:217,60
DA:220,0
DA:306,0
DA:388,0
LF:72
LH:45
BRDA:35,0,0,0
BRDA:35,0,1,0
BRDA:35,1,0,0
BRDA:35,1,1,0
BRDA:40,2,0,0
BRDA:40,2,1,10
BRDA:59,3,0,60
BRDA:59,3,1,0
BRDA:60,4,0,0
BRDA:60,4,1,0
BRDA:61,5,0,0
BRDA:61,5,1,0
BRDA:62,6,0,0
BRDA:62,6,1,0
BRDA:126,7,0,0
BRDA:126,7,1,0
BRDA:138,8,0,10
BRDA:138,8,1,10
BRDA:153,9,0,0
BRDA:153,9,1,10
BRDA:199,10,0,10
BRDA:199,10,1,30
BRDA:224,11,0,10
BRDA:224,11,1,0
BRDA:287,12,0,10
BRDA:287,12,1,0
BRDA:287,12,2,0
BRDA:346,13,0,0
BRDA:346,13,1,0
BRDA:356,14,0,0
BRDA:356,14,1,0
BRDA:400,15,0,0
BRDA:400,15,1,0
BRDA:419,16,0,0
BRDA:419,16,1,0
BRF:35
BRH:9
end_of_record
TN:
SF:src/services/ApiService.js
FN:9,(anonymous_0)
FN:18,(anonymous_1)
FN:21,(anonymous_2)
FN:28,(anonymous_3)
FN:33,(anonymous_4)
FN:34,(anonymous_5)
FN:45,(anonymous_6)
FN:54,(anonymous_7)
FN:63,(anonymous_8)
FN:72,(anonymous_9)
FN:81,(anonymous_10)
FNF:11
FNH:0
FNDA:0,(anonymous_0)
FNDA:0,(anonymous_1)
FNDA:0,(anonymous_2)
FNDA:0,(anonymous_3)
FNDA:0,(anonymous_4)
FNDA:0,(anonymous_5)
FNDA:0,(anonymous_6)
FNDA:0,(anonymous_7)
FNDA:0,(anonymous_8)
FNDA:0,(anonymous_9)
FNDA:0,(anonymous_10)
DA:10,0
DA:15,0
DA:20,0
DA:22,0
DA:23,0
DA:24,0
DA:26,0
DA:28,0
DA:32,0
DA:33,0
DA:35,0
DA:36,0
DA:37,0
DA:39,0
DA:46,0
DA:47,0
DA:48,0
DA:50,0
DA:55,0
DA:56,0
DA:57,0
DA:59,0
DA:64,0
DA:65,0
DA:66,0
DA:68,0
DA:73,0
DA:74,0
DA:75,0
DA:77,0
DA:83,0
DA:84,0
DA:86,0
LF:33
LH:0
BRDA:9,0,0,0
BRDA:9,1,0,0
BRDA:9,1,1,0
BRDA:23,2,0,0
BRDA:23,2,1,0
BRDA:35,3,0,0
BRDA:35,3,1,0
BRDA:45,4,0,0
BRDA:54,5,0,0
BRDA:63,6,0,0
BRDA:72,7,0,0
BRDA:83,8,0,0
BRDA:83,8,1,0
BRDA:83,8,2,0
BRF:14
BRH:0
end_of_record
TN:
SF:src/services/AuthService.js
FN:7,(anonymous_0)
FN:19,(anonymous_1)
FN:24,(anonymous_2)
FN:29,(anonymous_3)
FNF:4
FNH:0
FNDA:0,(anonymous_0)
FNDA:0,(anonymous_1)
FNDA:0,(anonymous_2)
FNDA:0,(anonymous_3)
DA:8,0
DA:10,0
DA:11,0
DA:12,0
DA:13,0
DA:16,0
DA:20,0
DA:21,0
DA:25,0
DA:26,0
DA:30,0
LF:11
LH:0
BRDA:10,0,0,0
BRDA:10,0,1,0
BRF:2
BRH:0
end_of_record
TN:
SF:src/services/ProjectService.js
FN:8,(anonymous_0)
FN:24,(anonymous_1)
FN:28,(anonymous_2)
FN:32,(anonymous_3)
FN:36,(anonymous_4)
FN:40,(anonymous_5)
FNF:6
FNH:0
FNDA:0,(anonymous_0)
FNDA:0,(anonymous_1)
FNDA:0,(anonymous_2)
FNDA:0,(anonymous_3)
FNDA:0,(anonymous_4)
FNDA:0,(anonymous_5)
DA:9,0
DA:11,0
DA:12,0
DA:14,0
DA:15,0
DA:18,0
DA:21,0
DA:25,0
DA:29,0
DA:33,0
DA:37,0
DA:41,0
LF:12
LH:0
BRDA:8,0,0,0
BRDA:11,1,0,0
BRDA:11,1,1,0
BRDA:14,2,0,0
BRDA:14,2,1,0
BRDA:19,3,0,0
BRDA:19,3,1,0
BRF:7
BRH:0
end_of_record
TN:
SF:src/services/SkillService.js
FN:7,(anonymous_0)
FN:20,(anonymous_1)
FN:37,(anonymous_2)
FN:41,(anonymous_3)
FN:45,(anonymous_4)
FNF:5
FNH:0
FNDA:0,(anonymous_0)
FNDA:0,(anonymous_1)
FNDA:0,(anonymous_2)
FNDA:0,(anonymous_3)
FNDA:0,(anonymous_4)
DA:8,0
DA:10,0
DA:11,0
DA:14,0
DA:17,0
DA:21,0
DA:23,0
DA:24,0
DA:27,0
DA:28,0
DA:31,0
DA:34,0
DA:38,0
DA:42,0
DA:46,0
LF:15
LH:0
BRDA:7,0,0,0
BRDA:10,1,0,0
BRDA:10,1,1,0
BRDA:15,2,0,0
BRDA:15,2,1,0
BRDA:20,3,0,0
BRDA:23,4,0,0
BRDA:23,4,1,0
BRDA:27,5,0,0
BRDA:27,5,1,0
BRDA:32,6,0,0
BRDA:32,6,1,0
BRF:12
BRH:0
end_of_record
TN:
SF:src/utils/helpers.js
FN:11,(anonymous_0)
FN:28,(anonymous_1)
FN:30,executedFunction
FN:31,(anonymous_3)
FN:44,(anonymous_4)
FN:53,(anonymous_5)
FN:62,(anonymous_6)
FN:70,(anonymous_7)
FN:78,(anonymous_8)
FN:87,(anonymous_9)
FNF:10
FNH:10
FNDA:4,(anonymous_0)
FNDA:3,(anonymous_1)
FNDA:6,executedFunction
FNDA:3,(anonymous_3)
FNDA:10,(anonymous_4)
FNDA:2,(anonymous_5)
FNDA:3,(anonymous_6)
FNDA:5,(anonymous_7)
FNDA:9,(anonymous_8)
FNDA:7,(anonymous_9)
DA:11,1
DA:12,4
DA:19,4
DA:20,4
DA:28,1
DA:30,3
DA:31,6
DA:32,3
DA:33,3
DA:35,6
DA:36,6
DA:44,1
DA:45,10
DA:46,10
DA:53,1
DA:54,2
DA:55,2
DA:56,2
DA:62,1
DA:63,3
DA:70,1
DA:71,5
DA:78,1
DA:79,9
DA:87,1
DA:88,7
DA:89,6
DA:90,5
DA:92,3
DA:93,3
DA:94,3
LF:31
LH:31
BRDA:11,0,0,3
BRDA:87,1,0,5
BRDA:88,2,0,1
BRDA:88,2,1,6
BRDA:89,3,0,1
BRDA:89,3,1,5
BRDA:90,4,0,2
BRDA:90,4,1,3
BRF:8
BRH:8
end_of_record
TN:
SF:src/utils/logger.js
FN:6,(anonymous_0)
FN:11,(anonymous_1)
FN:17,(anonymous_2)
FN:27,(anonymous_3)
FN:35,(anonymous_4)
FN:53,(anonymous_5)
FNF:6
FNH:0
FNDA:0,(anonymous_0)
FNDA:0,(anonymous_1)
FNDA:0,(anonymous_2)
FNDA:0,(anonymous_3)
FNDA:0,(anonymous_4)
FNDA:0,(anonymous_5)
DA:7,0
DA:8,0
DA:12,0
DA:13,0
DA:14,0
DA:18,0
DA:19,0
DA:20,0
DA:22,0
DA:28,0
DA:29,0
DA:31,0
DA:36,0
DA:44,0
DA:47,0
DA:54,0
DA:55,0
DA:56,0
DA:58,0
DA:65,0
DA:66,0
DA:67,0
LF:22
LH:0
BRDA:6,0,0,0
BRDA:17,1,0,0
BRDA:18,2,0,0
BRDA:18,2,1,0
BRDA:19,3,0,0
BRDA:19,3,1,0
BRDA:27,4,0,0
BRDA:28,5,0,0
BRDA:28,5,1,0
BRDA:35,6,0,0
BRDA:36,7,0,0
BRDA:36,7,1,0
BRDA:40,8,0,0
BRDA:40,8,1,0
BRDA:47,9,0,0
BRDA:47,9,1,0
BRDA:47,10,0,0
BRDA:47,10,1,0
BRDA:53,11,0,0
BRDA:54,12,0,0
BRDA:54,12,1,0
BRDA:55,13,0,0
BRDA:55,13,1,0
BRF:23
BRH:0
end_of_record
TN:
SF:src/utils/validation.js
FN:6,(anonymous_0)
FN:14,(anonymous_1)
FN:21,(anonymous_2)
FN:32,(anonymous_3)
FN:32,(anonymous_4)
FN:42,(anonymous_5)
FN:42,(anonymous_6)
FN:52,(anonymous_7)
FN:63,(anonymous_8)
FN:72,(anonymous_9)
FN:76,(anonymous_10)
FNF:11
FNH:0
FNDA:0,(anonymous_0)
FNDA:0,(anonymous_1)
FNDA:0,(anonymous_2)
FNDA:0,(anonymous_3)
FNDA:0,(anonymous_4)
FNDA:0,(anonymous_5)
FNDA:0,(anonymous_6)
FNDA:0,(anonymous_7)
FNDA:0,(anonymous_8)
FNDA:0,(anonymous_9)
FNDA:0,(anonymous_10)
DA:7,0
DA:8,0
DA:9,0
DA:13,0
DA:15,0
DA:16,0
DA:18,0
DA:22,0
DA:23,0
DA:24,0
DA:29,0
DA:32,0
DA:33,0
DA:34,0
DA:39,0
DA:42,0
DA:43,0
DA:44,0
DA:49,0
DA:53,0
DA:54,0
DA:55,0
DA:57,0
DA:59,0
DA:64,0
DA:65,0
DA:67,0
DA:73,0
DA:77,0
DA:78,0
DA:80,0
DA:81,0
DA:82,0
DA:84,0
DA:85,0
DA:88,0
DA:89,0
DA:90,0
DA:92,0
DA:97,0
DA:105,0
LF:41
LH:0
BRDA:15,0,0,0
BRDA:15,0,1,0
BRDA:15,1,0,0
BRDA:15,1,1,0
BRDA:15,1,2,0
BRDA:21,2,0,0
BRDA:23,3,0,0
BRDA:23,3,1,0
BRDA:23,4,0,0
BRDA:23,4,1,0
BRDA:33,5,0,0
BRDA:33,5,1,0
BRDA:33,6,0,0
BRDA:33,6,1,0
BRDA:43,7,0,0
BRDA:43,7,1,0
BRDA:43,8,0,0
BRDA:43,8,1,0
BRDA:52,9,0,0
BRDA:54,10,0,0
BRDA:54,10,1,0
BRDA:63,11,0,0
BRDA:64,12,0,0
BRDA:64,12,1,0
BRDA:64,13,0,0
BRDA:64,13,1,0
BRDA:88,14,0,0
BRDA:88,14,1,0
BRF:28
BRH:0
end_of_record
